0 verbose cli C:\Program Files\nodejs\node.exe C:\Program Files\nodejs\node_modules\npm\bin\npm-cli.js
1 info using npm@11.8.0
2 info using node@v24.13.1
3 silly config load:file:C:\Program Files\nodejs\node_modules\npm\npmrc
4 silly config load:file:D:\gh-actions-course\.npmrc
5 silly config load:file:C:\Users\ADMIN\.npmrc
6 silly config load:file:C:\Users\ADMIN\AppData\Roaming\npm\etc\npmrc
7 verbose title npm install
8 verbose argv "install"
9 verbose logfile logs-max:10 dir:D:\gh-actions-course\npm-cache\_logs\2026-02-22T13_20_27_316Z-
10 verbose logfile D:\gh-actions-course\npm-cache\_logs\2026-02-22T13_20_27_316Z-debug-0.log
11 silly logfile done cleaning log files
12 silly packumentCache heap:2348810240 maxSize:587202560 maxEntrySize:293601280
13 silly idealTree buildDeps
14 silly fetch manifest @testing-library/react@^13.0.0
15 silly packumentCache full:https://registry.npmjs.org/@testing-library%2freact cache-miss
16 http fetch GET 200 https://registry.npmjs.org/@testing-library%2freact 1627ms (cache miss)
17 silly packumentCache full:https://registry.npmjs.org/@testing-library%2freact set size:undefined disposed:false
18 silly fetch manifest react@^18.2.0
19 silly packumentCache full:https://registry.npmjs.org/react cache-miss
20 http fetch GET 200 https://registry.npmjs.org/react 317ms (cache miss)
21 silly packumentCache full:https://registry.npmjs.org/react set size:undefined disposed:false
22 silly fetch manifest react-dom@^18.2.0
23 silly packumentCache full:https://registry.npmjs.org/react-dom cache-miss
24 http fetch GET 200 https://registry.npmjs.org/react-dom 284ms (cache miss)
25 silly packumentCache full:https://registry.npmjs.org/react-dom set size:undefined disposed:false
26 silly placeDep ROOT @testing-library/react@13.4.0 OK for: react-app@0.1.0 want: ^13.0.0
27 silly fetch manifest @types/react-dom@^18.0.0
28 silly packumentCache full:https://registry.npmjs.org/@types%2freact-dom cache-miss
29 silly fetch manifest @testing-library/dom@^8.5.0
30 silly packumentCache full:https://registry.npmjs.org/@testing-library%2fdom cache-miss
31 http fetch GET 200 https://registry.npmjs.org/@testing-library%2fdom 258ms (cache miss)
32 silly packumentCache full:https://registry.npmjs.org/@testing-library%2fdom set size:undefined disposed:false
33 http fetch GET 200 https://registry.npmjs.org/@types%2freact-dom 935ms (cache miss)
34 silly packumentCache full:https://registry.npmjs.org/@types%2freact-dom set size:undefined disposed:false
35 silly fetch manifest @types/react@^18.0.0
36 silly packumentCache full:https://registry.npmjs.org/@types%2freact cache-miss
37 http fetch GET 200 https://registry.npmjs.org/@types%2freact 152ms (cache miss)
38 silly packumentCache full:https://registry.npmjs.org/@types%2freact set size:undefined disposed:false
39 silly placeDep ROOT @testing-library/dom@8.20.1 OK for: @testing-library/react@13.4.0 want: ^8.5.0
40 silly placeDep ROOT @types/react-dom@18.3.7 OK for: @testing-library/react@13.4.0 want: ^18.0.0
41 silly placeDep ROOT @types/react@18.3.28 OK for: @types/react-dom@18.3.7 want: ^18.0.0
42 silly fetch manifest lz-string@^1.5.0
43 silly packumentCache full:https://registry.npmjs.org/lz-string cache-miss
44 silly fetch manifest aria-query@5.1.3
45 silly packumentCache full:https://registry.npmjs.org/aria-query cache-miss
46 silly fetch manifest @types/aria-query@^5.0.1
47 silly packumentCache full:https://registry.npmjs.org/@types%2faria-query cache-miss
48 silly fetch manifest dom-accessibility-api@^0.5.9
49 silly packumentCache full:https://registry.npmjs.org/dom-accessibility-api cache-miss
50 silly fetch manifest csstype@^3.2.2
51 silly packumentCache full:https://registry.npmjs.org/csstype cache-miss
52 silly fetch manifest @types/prop-types@*
53 silly packumentCache full:https://registry.npmjs.org/@types%2fprop-types cache-miss
54 http fetch GET 200 https://registry.npmjs.org/aria-query 65ms (cache miss)
55 silly packumentCache full:https://registry.npmjs.org/aria-query set size:undefined disposed:false
56 http fetch GET 200 https://registry.npmjs.org/lz-string 91ms (cache miss)
57 silly packumentCache full:https://registry.npmjs.org/lz-string set size:undefined disposed:false
58 http fetch GET 200 https://registry.npmjs.org/dom-accessibility-api 198ms (cache miss)
59 silly packumentCache full:https://registry.npmjs.org/dom-accessibility-api set size:undefined disposed:false
60 http fetch GET 200 https://registry.npmjs.org/@types%2faria-query 214ms (cache miss)
61 silly packumentCache full:https://registry.npmjs.org/@types%2faria-query set size:undefined disposed:false
62 http fetch GET 200 https://registry.npmjs.org/csstype 228ms (cache miss)
63 silly packumentCache full:https://registry.npmjs.org/csstype set size:undefined disposed:false
64 http fetch GET 200 https://registry.npmjs.org/@types%2fprop-types 586ms (cache miss)
65 silly packumentCache full:https://registry.npmjs.org/@types%2fprop-types set size:undefined disposed:false
66 silly placeDep ROOT @types/aria-query@5.0.4 OK for: @testing-library/dom@8.20.1 want: ^5.0.1
67 silly placeDep node_modules/@testing-library/dom aria-query@5.1.3 OK for: @testing-library/dom@8.20.1 want: 5.1.3
68 silly placeDep ROOT dom-accessibility-api@0.5.16 OK for: @testing-library/dom@8.20.1 want: ^0.5.9
69 silly placeDep ROOT lz-string@1.5.0 OK for: @testing-library/dom@8.20.1 want: ^1.5.0
70 silly fetch manifest deep-equal@^2.0.5
71 silly packumentCache full:https://registry.npmjs.org/deep-equal cache-miss
72 http fetch GET 200 https://registry.npmjs.org/deep-equal 99ms (cache miss)
73 silly packumentCache full:https://registry.npmjs.org/deep-equal set size:undefined disposed:false
74 silly placeDep ROOT @types/prop-types@15.7.15 OK for: @types/react@18.3.28 want: *
75 silly placeDep ROOT csstype@3.2.3 OK for: @types/react@18.3.28 want: ^3.2.2
76 silly fetch manifest typescript@^3.2.1 || ^4
77 silly packumentCache full:https://registry.npmjs.org/typescript cache-miss
78 http fetch GET 200 https://registry.npmjs.org/typescript 436ms (cache miss)
79 silly packumentCache full:https://registry.npmjs.org/typescript set size:undefined disposed:false
80 silly placeDep ROOT typescript@4.9.5 REPLACE for: react-scripts@5.0.1 want: ^3.2.1 || ^4
81 silly placeDep ROOT deep-equal@2.2.3 OK for: aria-query@5.1.3 want: ^2.0.5
82 silly fetch manifest es-get-iterator@^1.1.3
83 silly packumentCache full:https://registry.npmjs.org/es-get-iterator cache-miss
84 silly fetch manifest is-arguments@^1.1.1
85 silly packumentCache full:https://registry.npmjs.org/is-arguments cache-miss
86 silly fetch manifest object-is@^1.1.5
87 silly packumentCache full:https://registry.npmjs.org/object-is cache-miss
88 http fetch GET 200 https://registry.npmjs.org/is-arguments 76ms (cache miss)
89 silly packumentCache full:https://registry.npmjs.org/is-arguments set size:undefined disposed:false
90 http fetch GET 200 https://registry.npmjs.org/object-is 78ms (cache miss)
91 silly packumentCache full:https://registry.npmjs.org/object-is set size:undefined disposed:false
92 http fetch GET 200 https://registry.npmjs.org/es-get-iterator 419ms (cache miss)
93 silly packumentCache full:https://registry.npmjs.org/es-get-iterator set size:undefined disposed:false
94 silly placeDep ROOT es-get-iterator@1.1.3 OK for: deep-equal@2.2.3 want: ^1.1.3
95 silly placeDep ROOT is-arguments@1.2.0 OK for: deep-equal@2.2.3 want: ^1.1.1
96 silly placeDep ROOT object-is@1.1.6 OK for: deep-equal@2.2.3 want: ^1.1.5
97 silly reify mark retired [
97 silly reify   'D:\\gh-actions-course\\node_modules\\tailwindcss\\node_modules\\yaml',
97 silly reify   'D:\\gh-actions-course\\node_modules\\tailwindcss\\node_modules\\.bin\\yaml',
97 silly reify   'D:\\gh-actions-course\\node_modules\\tailwindcss\\node_modules\\.bin\\yaml.cmd',
97 silly reify   'D:\\gh-actions-course\\node_modules\\tailwindcss\\node_modules\\.bin\\yaml.ps1'
97 silly reify ]
98 silly reify mark retired [
98 silly reify   'D:\\gh-actions-course\\node_modules\\typescript',
98 silly reify   'D:\\gh-actions-course\\node_modules\\.bin\\tsc',
98 silly reify   'D:\\gh-actions-course\\node_modules\\.bin\\tsc.cmd',
98 silly reify   'D:\\gh-actions-course\\node_modules\\.bin\\tsc.ps1',
98 silly reify   'D:\\gh-actions-course\\node_modules\\.bin\\tsserver',
98 silly reify   'D:\\gh-actions-course\\node_modules\\.bin\\tsserver.cmd',
98 silly reify   'D:\\gh-actions-course\\node_modules\\.bin\\tsserver.ps1'
98 silly reify ]
99 silly reify moves {
99 silly reify   'D:\\gh-actions-course\\node_modules\\tailwindcss\\node_modules\\yaml': 'D:\\gh-actions-course\\node_modules\\tailwindcss\\node_modules\\.yaml-ZYIclvwd',
99 silly reify   'D:\\gh-actions-course\\node_modules\\tailwindcss\\node_modules\\.bin\\yaml': 'D:\\gh-actions-course\\node_modules\\tailwindcss\\node_modules\\.bin\\.yaml-qq1WraW6',
99 silly reify   'D:\\gh-actions-course\\node_modules\\tailwindcss\\node_modules\\.bin\\yaml.cmd': 'D:\\gh-actions-course\\node_modules\\tailwindcss\\node_modules\\.bin\\.yaml.cmd-AAs1JBnF',
99 silly reify   'D:\\gh-actions-course\\node_modules\\tailwindcss\\node_modules\\.bin\\yaml.ps1': 'D:\\gh-actions-course\\node_modules\\tailwindcss\\node_modules\\.bin\\.yaml.ps1-cagP8FuJ',
99 silly reify   'D:\\gh-actions-course\\node_modules\\typescript': 'D:\\gh-actions-course\\node_modules\\.typescript-jyXHL9cX',
99 silly reify   'D:\\gh-actions-course\\node_modules\\.bin\\tsc': 'D:\\gh-actions-course\\node_modules\\.bin\\.tsc-9WJzQq1X',
99 silly reify   'D:\\gh-actions-course\\node_modules\\.bin\\tsc.cmd': 'D:\\gh-actions-course\\node_modules\\.bin\\.tsc.cmd-4S15brJf',
99 silly reify   'D:\\gh-actions-course\\node_modules\\.bin\\tsc.ps1': 'D:\\gh-actions-course\\node_modules\\.bin\\.tsc.ps1-t5IRjoLW',
99 silly reify   'D:\\gh-actions-course\\node_modules\\.bin\\tsserver': 'D:\\gh-actions-course\\node_modules\\.bin\\.tsserver-8ANuggPc',
99 silly reify   'D:\\gh-actions-course\\node_modules\\.bin\\tsserver.cmd': 'D:\\gh-actions-course\\node_modules\\.bin\\.tsserver.cmd-xr9ZUu3d',
99 silly reify   'D:\\gh-actions-course\\node_modules\\.bin\\tsserver.ps1': 'D:\\gh-actions-course\\node_modules\\.bin\\.tsserver.ps1-qGbbIGHY'
99 silly reify }
100 silly audit bulk request {
100 silly audit   '@alloc/quick-lru': [ '5.2.0' ],
100 silly audit   '@babel/code-frame': [ '7.29.0' ],
100 silly audit   '@babel/compat-data': [ '7.29.0' ],
100 silly audit   '@babel/core': [ '7.29.0' ],
100 silly audit   semver: [ '6.3.1', '7.7.4' ],
100 silly audit   '@babel/eslint-parser': [ '7.28.6' ],
100 silly audit   'eslint-visitor-keys': [ '2.1.0', '3.4.3' ],
100 silly audit   '@babel/generator': [ '7.29.1' ],
100 silly audit   '@babel/helper-annotate-as-pure': [ '7.27.3' ],
100 silly audit   '@babel/helper-compilation-targets': [ '7.28.6' ],
100 silly audit   '@babel/helper-create-class-features-plugin': [ '7.28.6' ],
100 silly audit   '@babel/helper-create-regexp-features-plugin': [ '7.28.5' ],
100 silly audit   '@babel/helper-define-polyfill-provider': [ '0.6.6' ],
100 silly audit   '@babel/helper-globals': [ '7.28.0' ],
100 silly audit   '@babel/helper-member-expression-to-functions': [ '7.28.5' ],
100 silly audit   '@babel/helper-module-imports': [ '7.28.6' ],
100 silly audit   '@babel/helper-module-transforms': [ '7.28.6' ],
100 silly audit   '@babel/helper-optimise-call-expression': [ '7.27.1' ],
100 silly audit   '@babel/helper-plugin-utils': [ '7.28.6' ],
100 silly audit   '@babel/helper-remap-async-to-generator': [ '7.27.1' ],
100 silly audit   '@babel/helper-replace-supers': [ '7.28.6' ],
100 silly audit   '@babel/helper-skip-transparent-expression-wrappers': [ '7.27.1' ],
100 silly audit   '@babel/helper-string-parser': [ '7.27.1' ],
100 silly audit   '@babel/helper-validator-identifier': [ '7.28.5' ],
100 silly audit   '@babel/helper-validator-option': [ '7.27.1' ],
100 silly audit   '@babel/helper-wrap-function': [ '7.28.6' ],
100 silly audit   '@babel/helpers': [ '7.28.6' ],
100 silly audit   '@babel/parser': [ '7.29.0' ],
100 silly audit   '@babel/plugin-bugfix-firefox-class-in-computed-class-key': [ '7.28.5' ],
100 silly audit   '@babel/plugin-bugfix-safari-class-field-initializer-scope': [ '7.27.1' ],
100 silly audit   '@babel/plugin-bugfix-safari-id-destructuring-collision-in-function-expression': [ '7.27.1' ],
100 silly audit   '@babel/plugin-bugfix-v8-spread-parameters-in-optional-chaining': [ '7.27.1' ],
100 silly audit   '@babel/plugin-bugfix-v8-static-class-fields-redefine-readonly': [ '7.28.6' ],
100 silly audit   '@babel/plugin-proposal-class-properties': [ '7.18.6' ],
100 silly audit   '@babel/plugin-proposal-decorators': [ '7.29.0' ],
100 silly audit   '@babel/plugin-proposal-nullish-coalescing-operator': [ '7.18.6' ],
100 silly audit   '@babel/plugin-proposal-numeric-separator': [ '7.18.6' ],
100 silly audit   '@babel/plugin-proposal-optional-chaining': [ '7.21.0' ],
100 silly audit   '@babel/plugin-proposal-private-methods': [ '7.18.6' ],
100 silly audit   '@babel/plugin-proposal-private-property-in-object': [ '7.21.0-placeholder-for-preset-env.2', '7.21.11' ],
100 silly audit   '@babel/plugin-syntax-async-generators': [ '7.8.4' ],
100 silly audit   '@babel/plugin-syntax-bigint': [ '7.8.3' ],
100 silly audit   '@babel/plugin-syntax-class-properties': [ '7.12.13' ],
100 silly audit   '@babel/plugin-syntax-class-static-block': [ '7.14.5' ],
100 silly audit   '@babel/plugin-syntax-decorators': [ '7.28.6' ],
100 silly audit   '@babel/plugin-syntax-flow': [ '7.28.6' ],
100 silly audit   '@babel/plugin-syntax-import-assertions': [ '7.28.6' ],
100 silly audit   '@babel/plugin-syntax-import-attributes': [ '7.28.6' ],
100 silly audit   '@babel/plugin-syntax-import-meta': [ '7.10.4' ],
100 silly audit   '@babel/plugin-syntax-json-strings': [ '7.8.3' ],
100 silly audit   '@babel/plugin-syntax-jsx': [ '7.28.6' ],
100 silly audit   '@babel/plugin-syntax-logical-assignment-operators': [ '7.10.4' ],
100 silly audit   '@babel/plugin-syntax-nullish-coalescing-operator': [ '7.8.3' ],
100 silly audit   '@babel/plugin-syntax-numeric-separator': [ '7.10.4' ],
100 silly audit   '@babel/plugin-syntax-object-rest-spread': [ '7.8.3' ],
100 silly audit   '@babel/plugin-syntax-optional-catch-binding': [ '7.8.3' ],
100 silly audit   '@babel/plugin-syntax-optional-chaining': [ '7.8.3' ],
100 silly audit   '@babel/plugin-syntax-private-property-in-object': [ '7.14.5' ],
100 silly audit   '@babel/plugin-syntax-top-level-await': [ '7.14.5' ],
100 silly audit   '@babel/plugin-syntax-typescript': [ '7.28.6' ],
100 silly audit   '@babel/plugin-syntax-unicode-sets-regex': [ '7.18.6' ],
100 silly audit   '@babel/plugin-transform-arrow-functions': [ '7.27.1' ],
100 silly audit   '@babel/plugin-transform-async-generator-functions': [ '7.29.0' ],
100 silly audit   '@babel/plugin-transform-async-to-generator': [ '7.28.6' ],
100 silly audit   '@babel/plugin-transform-block-scoped-functions': [ '7.27.1' ],
100 silly audit   '@babel/plugin-transform-block-scoping': [ '7.28.6' ],
100 silly audit   '@babel/plugin-transform-class-properties': [ '7.28.6' ],
100 silly audit   '@babel/plugin-transform-class-static-block': [ '7.28.6' ],
100 silly audit   '@babel/plugin-transform-classes': [ '7.28.6' ],
100 silly audit   '@babel/plugin-transform-computed-properties': [ '7.28.6' ],
100 silly audit   '@babel/plugin-transform-destructuring': [ '7.28.5' ],
100 silly audit   '@babel/plugin-transform-dotall-regex': [ '7.28.6' ],
100 silly audit   '@babel/plugin-transform-duplicate-keys': [ '7.27.1' ],
100 silly audit   '@babel/plugin-transform-duplicate-named-capturing-groups-regex': [ '7.29.0' ],
100 silly audit   '@babel/plugin-transform-dynamic-import': [ '7.27.1' ],
100 silly audit   '@babel/plugin-transform-explicit-resource-management': [ '7.28.6' ],
100 silly audit   '@babel/plugin-transform-exponentiation-operator': [ '7.28.6' ],
100 silly audit   '@babel/plugin-transform-export-namespace-from': [ '7.27.1' ],
100 silly audit   '@babel/plugin-transform-flow-strip-types': [ '7.27.1' ],
100 silly audit   '@babel/plugin-transform-for-of': [ '7.27.1' ],
100 silly audit   '@babel/plugin-transform-function-name': [ '7.27.1' ],
100 silly audit   '@babel/plugin-transform-json-strings': [ '7.28.6' ],
100 silly audit   '@babel/plugin-transform-literals': [ '7.27.1' ],
100 silly audit   '@babel/plugin-transform-logical-assignment-operators': [ '7.28.6' ],
100 silly audit   '@babel/plugin-transform-member-expression-literals': [ '7.27.1' ],
100 silly audit   '@babel/plugin-transform-modules-amd': [ '7.27.1' ],
100 silly audit   '@babel/plugin-transform-modules-commonjs': [ '7.28.6' ],
100 silly audit   '@babel/plugin-transform-modules-systemjs': [ '7.29.0' ],
100 silly audit   '@babel/plugin-transform-modules-umd': [ '7.27.1' ],
100 silly audit   '@babel/plugin-transform-named-capturing-groups-regex': [ '7.29.0' ],
100 silly audit   '@babel/plugin-transform-new-target': [ '7.27.1' ],
100 silly audit   '@babel/plugin-transform-nullish-coalescing-operator': [ '7.28.6' ],
100 silly audit   '@babel/plugin-transform-numeric-separator': [ '7.28.6' ],
100 silly audit   '@babel/plugin-transform-object-rest-spread': [ '7.28.6' ],
100 silly audit   '@babel/plugin-transform-object-super': [ '7.27.1' ],
100 silly audit   '@babel/plugin-transform-optional-catch-binding': [ '7.28.6' ],
100 silly audit   '@babel/plugin-transform-optional-chaining': [ '7.28.6' ],
100 silly audit   '@babel/plugin-transform-parameters': [ '7.27.7' ],
100 silly audit   '@babel/plugin-transform-private-methods': [ '7.28.6' ],
100 silly audit   '@babel/plugin-transform-private-property-in-object': [ '7.28.6' ],
100 silly audit   '@babel/plugin-transform-property-literals': [ '7.27.1' ],
100 silly audit   '@babel/plugin-transform-react-constant-elements': [ '7.27.1' ],
100 silly audit   '@babel/plugin-transform-react-display-name': [ '7.28.0' ],
100 silly audit   '@babel/plugin-transform-react-jsx': [ '7.28.6' ],
100 silly audit   '@babel/plugin-transform-react-jsx-development': [ '7.27.1' ],
100 silly audit   '@babel/plugin-transform-react-pure-annotations': [ '7.27.1' ],
100 silly audit   '@babel/plugin-transform-regenerator': [ '7.29.0' ],
100 silly audit   '@babel/plugin-transform-regexp-modifiers': [ '7.28.6' ],
100 silly audit   '@babel/plugin-transform-reserved-words': [ '7.27.1' ],
100 silly audit   '@babel/plugin-transform-runtime': [ '7.29.0' ],
100 silly audit   'babel-plugin-polyfill-corejs3': [ '0.13.0', '0.14.0' ],
100 silly audit   '@babel/plugin-transform-shorthand-properties': [ '7.27.1' ],
100 silly audit   '@babel/plugin-transform-spread': [ '7.28.6' ],
100 silly audit   '@babel/plugin-transform-sticky-regex': [ '7.27.1' ],
100 silly audit   '@babel/plugin-transform-template-literals': [ '7.27.1' ],
100 silly audit   '@babel/plugin-transform-typeof-symbol': [ '7.27.1' ],
100 silly audit   '@babel/plugin-transform-typescript': [ '7.28.6' ],
100 silly audit   '@babel/plugin-transform-unicode-escapes': [ '7.27.1' ],
100 silly audit   '@babel/plugin-transform-unicode-property-regex': [ '7.28.6' ],
100 silly audit   '@babel/plugin-transform-unicode-regex': [ '7.27.1' ],
100 silly audit   '@babel/plugin-transform-unicode-sets-regex': [ '7.28.6' ],
100 silly audit   '@babel/preset-env': [ '7.29.0' ],
100 silly audit   '@babel/preset-modules': [ '0.1.6-no-external-plugins' ],
100 silly audit   '@babel/preset-react': [ '7.28.5' ],
100 silly audit   '@babel/preset-typescript': [ '7.28.5' ],
100 silly audit   '@babel/runtime': [ '7.28.6' ],
100 silly audit   '@babel/template': [ '7.28.6' ],
100 silly audit   '@babel/traverse': [ '7.29.0' ],
100 silly audit   '@babel/types': [ '7.29.0' ],
100 silly audit   '@bcoe/v8-coverage': [ '0.2.3' ],
100 silly audit   '@csstools/normalize.css': [ '12.1.1' ],
100 silly audit   '@csstools/postcss-cascade-layers': [ '1.1.1' ],
100 silly audit   '@csstools/postcss-color-function': [ '1.1.1' ],
100 silly audit   '@csstools/postcss-font-format-keywords': [ '1.0.1' ],
100 silly audit   '@csstools/postcss-hwb-function': [ '1.0.2' ],
100 silly audit   '@csstools/postcss-ic-unit': [ '1.0.1' ],
100 silly audit   '@csstools/postcss-is-pseudo-class': [ '2.0.7' ],
100 silly audit   '@csstools/postcss-nested-calc': [ '1.0.0' ],
100 silly audit   '@csstools/postcss-normalize-display-values': [ '1.0.1' ],
100 silly audit   '@csstools/postcss-oklab-function': [ '1.1.1' ],
100 silly audit   '@csstools/postcss-progressive-custom-properties': [ '1.3.0' ],
100 silly audit   '@csstools/postcss-stepped-value-functions': [ '1.0.1' ],
100 silly audit   '@csstools/postcss-text-decoration-shorthand': [ '1.0.0' ],
100 silly audit   '@csstools/postcss-trigonometric-functions': [ '1.0.2' ],
100 silly audit   '@csstools/postcss-unset-value': [ '1.0.2' ],
100 silly audit   '@csstools/selector-specificity': [ '2.2.0' ],
100 silly audit   '@eslint-community/eslint-utils': [ '4.9.1' ],
100 silly audit   '@eslint-community/regexpp': [ '4.12.2' ],
100 silly audit   '@eslint/eslintrc': [ '2.1.4' ],
100 silly audit   argparse: [ '2.0.1', '1.0.10' ],
100 silly audit   'js-yaml': [ '4.1.1', '3.14.2' ],
100 silly audit   '@eslint/js': [ '8.57.1' ],
100 silly audit   '@humanwhocodes/config-array': [ '0.13.0' ],
100 silly audit   '@humanwhocodes/module-importer': [ '1.0.1' ],
100 silly audit   '@humanwhocodes/object-schema': [ '2.0.3' ],
100 silly audit   '@istanbuljs/load-nyc-config': [ '1.1.0' ],
100 silly audit   camelcase: [ '5.3.1', '6.3.0' ],
100 silly audit   '@istanbuljs/schema': [ '0.1.3' ],
100 silly audit   '@jest/console': [ '27.5.1', '28.1.3' ],
100 silly audit   '@jest/core': [ '27.5.1' ],
100 silly audit   '@jest/environment': [ '27.5.1' ],
100 silly audit   '@jest/fake-timers': [ '27.5.1' ],
100 silly audit   '@jest/globals': [ '27.5.1' ],
100 silly audit   '@jest/reporters': [ '27.5.1' ],
100 silly audit   'source-map': [ '0.6.1', '0.7.6', '0.8.0-beta.0' ],
100 silly audit   '@jest/schemas': [ '28.1.3' ],
100 silly audit   '@jest/source-map': [ '27.5.1' ],
100 silly audit   '@jest/test-result': [ '27.5.1', '28.1.3' ],
100 silly audit   '@jest/test-sequencer': [ '27.5.1' ],
100 silly audit   '@jest/transform': [ '27.5.1' ],
100 silly audit   'convert-source-map': [ '1.9.0', '2.0.0' ],
100 silly audit   '@jest/types': [ '27.5.1', '28.1.3' ],
100 silly audit   '@jridgewell/gen-mapping': [ '0.3.13' ],
100 silly audit   '@jridgewell/remapping': [ '2.3.5' ],
100 silly audit   '@jridgewell/resolve-uri': [ '3.1.2' ],
100 silly audit   '@jridgewell/source-map': [ '0.3.11' ],
100 silly audit   '@jridgewell/sourcemap-codec': [ '1.5.5' ],
100 silly audit   '@jridgewell/trace-mapping': [ '0.3.31' ],
100 silly audit   '@leichtgewicht/ip-codec': [ '2.0.5' ],
100 silly audit   '@nicolo-ribaudo/eslint-scope-5-internals': [ '5.1.1-v1' ],
100 silly audit   'eslint-scope': [ '5.1.1', '7.2.2' ],
100 silly audit   estraverse: [ '4.3.0', '5.3.0' ],
100 silly audit   '@nodelib/fs.scandir': [ '2.1.5' ],
100 silly audit   '@nodelib/fs.stat': [ '2.0.5' ],
100 silly audit   '@nodelib/fs.walk': [ '1.2.8' ],
100 silly audit   '@pmmmwh/react-refresh-webpack-plugin': [ '0.5.17' ],
100 silly audit   '@rollup/plugin-babel': [ '5.3.1' ],
100 silly audit   '@rollup/plugin-node-resolve': [ '11.2.1' ],
100 silly audit   '@rollup/plugin-replace': [ '2.4.2' ],
100 silly audit   '@rollup/pluginutils': [ '3.1.0' ],
100 silly audit   '@types/estree': [ '0.0.39', '1.0.8' ],
100 silly audit   '@rtsao/scc': [ '1.1.0' ],
100 silly audit   '@rushstack/eslint-patch': [ '1.16.1' ],
100 silly audit   '@sinclair/typebox': [ '0.24.51' ],
100 silly audit   '@sinonjs/commons': [ '1.8.6' ],
100 silly audit   '@sinonjs/fake-timers': [ '8.1.0' ],
100 silly audit   '@surma/rollup-plugin-off-main-thread': [ '2.2.3' ],
100 silly audit   '@svgr/babel-plugin-add-jsx-attribute': [ '5.4.0' ],
100 silly audit   '@svgr/babel-plugin-remove-jsx-attribute': [ '5.4.0' ],
100 silly audit   '@svgr/babel-plugin-remove-jsx-empty-expression': [ '5.0.1' ],
100 silly audit   '@svgr/babel-plugin-replace-jsx-attribute-value': [ '5.0.1' ],
100 silly audit   '@svgr/babel-plugin-svg-dynamic-title': [ '5.4.0' ],
100 silly audit   '@svgr/babel-plugin-svg-em-dimensions': [ '5.4.0' ],
100 silly audit   '@svgr/babel-plugin-transform-react-native-svg': [ '5.4.0' ],
100 silly audit   '@svgr/babel-plugin-transform-svg-component': [ '5.5.0' ],
100 silly audit   '@svgr/babel-preset': [ '5.5.0' ],
100 silly audit   '@svgr/core': [ '5.5.0' ],
100 silly audit   '@svgr/hast-util-to-babel-ast': [ '5.5.0' ],
100 silly audit   '@svgr/plugin-jsx': [ '5.5.0' ],
100 silly audit   '@svgr/plugin-svgo': [ '5.5.0' ],
100 silly audit   '@svgr/webpack': [ '5.5.0' ],
100 silly audit   '@tootallnate/once': [ '1.1.2' ],
100 silly audit   '@trysound/sax': [ '0.2.0' ],
100 silly audit   '@types/babel__core': [ '7.20.5' ],
100 silly audit   '@types/babel__generator': [ '7.27.0' ],
100 silly audit   '@types/babel__template': [ '7.4.4' ],
100 silly audit   '@types/babel__traverse': [ '7.28.0' ],
100 silly audit   '@types/body-parser': [ '1.19.6' ],
100 silly audit   '@types/bonjour': [ '3.5.13' ],
100 silly audit   '@types/connect': [ '3.4.38' ],
100 silly audit   '@types/connect-history-api-fallback': [ '1.5.4' ],
100 silly audit   '@types/eslint': [ '8.56.12' ],
100 silly audit   '@types/eslint-scope': [ '3.7.7' ],
100 silly audit   '@types/express': [ '4.17.25' ],
100 silly audit   '@types/express-serve-static-core': [ '5.1.1', '4.19.8' ],
100 silly audit   '@types/graceful-fs': [ '4.1.9' ],
100 silly audit   '@types/html-minifier-terser': [ '6.1.0' ],
100 silly audit   '@types/http-errors': [ '2.0.5' ],
100 silly audit   '@types/http-proxy': [ '1.17.17' ],
100 silly audit   '@types/istanbul-lib-coverage': [ '2.0.6' ],
100 silly audit   '@types/istanbul-lib-report': [ '3.0.3' ],
100 silly audit   '@types/istanbul-reports': [ '3.0.4' ],
100 silly audit   '@types/json-schema': [ '7.0.15' ],
100 silly audit   '@types/json5': [ '0.0.29' ],
100 silly audit   '@types/mime': [ '1.3.5' ],
100 silly audit   '@types/node': [ '25.3.0' ],
100 silly audit   '@types/node-forge': [ '1.3.14' ],
100 silly audit   '@types/parse-json': [ '4.0.2' ],
100 silly audit   '@types/prettier': [ '2.7.3' ],
100 silly audit   '@types/q': [ '1.5.8' ],
100 silly audit   '@types/qs': [ '6.14.0' ],
100 silly audit   '@types/range-parser': [ '1.2.7' ],
100 silly audit   '@types/resolve': [ '1.17.1' ],
100 silly audit   '@types/retry': [ '0.12.0' ],
100 silly audit   '@types/semver': [ '7.7.1' ],
100 silly audit   '@types/send': [ '1.2.1', '0.17.6' ],
100 silly audit   '@types/serve-index': [ '1.9.4' ],
100 silly audit   '@types/serve-static': [ '1.15.10' ],
100 silly audit   '@types/sockjs': [ '0.3.36' ],
100 silly audit   '@types/stack-utils': [ '2.0.3' ],
100 silly audit   '@types/trusted-types': [ '2.0.7' ],
100 silly audit   '@types/ws': [ '8.18.1' ],
100 silly audit   '@types/yargs': [ '16.0.11', '17.0.35' ],
100 silly audit   '@types/yargs-parser': [ '21.0.3' ],
100 silly audit   '@typescript-eslint/eslint-plugin': [ '5.62.0' ],
100 silly audit   '@typescript-eslint/experimental-utils': [ '5.62.0' ],
100 silly audit   '@typescript-eslint/parser': [ '5.62.0' ],
100 silly audit   '@typescript-eslint/scope-manager': [ '5.62.0' ],
100 silly audit   '@typescript-eslint/type-utils': [ '5.62.0' ],
100 silly audit   '@typescript-eslint/types': [ '5.62.0' ],
100 silly audit   '@typescript-eslint/typescript-estree': [ '5.62.0' ],
100 silly audit   '@typescript-eslint/utils': [ '5.62.0' ],
100 silly audit   '@typescript-eslint/visitor-keys': [ '5.62.0' ],
100 silly audit   '@ungap/structured-clone': [ '1.3.0' ],
100 silly audit   '@webassemblyjs/ast': [ '1.14.1' ],
100 silly audit   '@webassemblyjs/floating-point-hex-parser': [ '1.13.2' ],
100 silly audit   '@webassemblyjs/helper-api-error': [ '1.13.2' ],
100 silly audit   '@webassemblyjs/helper-buffer': [ '1.14.1' ],
100 silly audit   '@webassemblyjs/helper-numbers': [ '1.13.2' ],
100 silly audit   '@webassemblyjs/helper-wasm-bytecode': [ '1.13.2' ],
100 silly audit   '@webassemblyjs/helper-wasm-section': [ '1.14.1' ],
100 silly audit   '@webassemblyjs/ieee754': [ '1.13.2' ],
100 silly audit   '@webassemblyjs/leb128': [ '1.13.2' ],
100 silly audit   '@webassemblyjs/utf8': [ '1.13.2' ],
100 silly audit   '@webassemblyjs/wasm-edit': [ '1.14.1' ],
100 silly audit   '@webassemblyjs/wasm-gen': [ '1.14.1' ],
100 silly audit   '@webassemblyjs/wasm-opt': [ '1.14.1' ],
100 silly audit   '@webassemblyjs/wasm-parser': [ '1.14.1' ],
100 silly audit   '@webassemblyjs/wast-printer': [ '1.14.1' ],
100 silly audit   '@xtuc/ieee754': [ '1.2.0' ],
100 silly audit   '@xtuc/long': [ '4.2.2' ],
100 silly audit   abab: [ '2.0.6' ],
100 silly audit   accepts: [ '1.3.8' ],
100 silly audit   negotiator: [ '0.6.3', '0.6.4' ],
100 silly audit   acorn: [ '8.16.0', '7.4.1' ],
100 silly audit   'acorn-globals': [ '6.0.0' ],
100 silly audit   'acorn-import-phases': [ '1.0.4' ],
100 silly audit   'acorn-jsx': [ '5.3.2' ],
100 silly audit   'acorn-walk': [ '7.2.0' ],
100 silly audit   address: [ '1.2.2' ],
100 silly audit   'adjust-sourcemap-loader': [ '4.0.0' ],
100 silly audit   'agent-base': [ '6.0.2' ],
100 silly audit   ajv: [ '6.14.0', '8.18.0' ],
100 silly audit   'ajv-formats': [ '2.1.1' ],
100 silly audit   'json-schema-traverse': [ '1.0.0', '0.4.1' ],
100 silly audit   'ajv-keywords': [ '3.5.2', '5.1.0' ],
100 silly audit   'ansi-escapes': [ '4.3.2' ],
100 silly audit   'type-fest': [ '0.21.3', '0.16.0', '0.20.2' ],
100 silly audit   'ansi-html': [ '0.0.9' ],
100 silly audit   'ansi-html-community': [ '0.0.8' ],
100 silly audit   'ansi-regex': [ '5.0.1', '6.2.2' ],
100 silly audit   'ansi-styles': [ '4.3.0', '3.2.1', '5.2.0' ],
100 silly audit   'any-promise': [ '1.3.0' ],
100 silly audit   anymatch: [ '3.1.3' ],
100 silly audit   arg: [ '5.0.2' ],
100 silly audit   'aria-query': [ '5.3.2', '5.1.3' ],
100 silly audit   'array-buffer-byte-length': [ '1.0.2' ],
100 silly audit   'array-flatten': [ '1.1.1' ],
100 silly audit   'array-includes': [ '3.1.9' ],
100 silly audit   'array-union': [ '2.1.0' ],
100 silly audit   'array.prototype.findlast': [ '1.2.5' ],
100 silly audit   'array.prototype.findlastindex': [ '1.2.6' ],
100 silly audit   'array.prototype.flat': [ '1.3.3' ],
100 silly audit   'array.prototype.flatmap': [ '1.3.3' ],
100 silly audit   'array.prototype.reduce': [ '1.0.8' ],
100 silly audit   'array.prototype.tosorted': [ '1.1.4' ],
100 silly audit   'arraybuffer.prototype.slice': [ '1.0.4' ],
100 silly audit   asap: [ '2.0.6' ],
100 silly audit   'ast-types-flow': [ '0.0.8' ],
100 silly audit   async: [ '3.2.6' ],
100 silly audit   'async-function': [ '1.0.0' ],
100 silly audit   asynckit: [ '0.4.0' ],
100 silly audit   'at-least-node': [ '1.0.0' ],
100 silly audit   autoprefixer: [ '10.4.24' ],
100 silly audit   'available-typed-arrays': [ '1.0.7' ],
100 silly audit   'axe-core': [ '4.11.1' ],
100 silly audit   'axobject-query': [ '4.1.0' ],
100 silly audit   'babel-jest': [ '27.5.1' ],
100 silly audit   'babel-loader': [ '8.4.1' ],
100 silly audit   'schema-utils': [ '2.7.1', '3.3.0', '2.7.0', '4.3.3' ],
100 silly audit   'babel-plugin-istanbul': [ '6.1.1' ],
100 silly audit   'babel-plugin-jest-hoist': [ '27.5.1' ],
100 silly audit   'babel-plugin-macros': [ '3.1.0' ],
100 silly audit   'babel-plugin-named-asset-import': [ '0.3.8' ],
100 silly audit   'babel-plugin-polyfill-corejs2': [ '0.4.15' ],
100 silly audit   'babel-plugin-polyfill-regenerator': [ '0.6.6' ],
100 silly audit   'babel-plugin-transform-react-remove-prop-types': [ '0.4.24' ],
100 silly audit   'babel-preset-current-node-syntax': [ '1.2.0' ],
100 silly audit   'babel-preset-jest': [ '27.5.1' ],
100 silly audit   'babel-preset-react-app': [ '10.1.0' ],
100 silly audit   'balanced-match': [ '1.0.2' ],
100 silly audit   'baseline-browser-mapping': [ '2.10.0' ],
100 silly audit   batch: [ '0.6.1' ],
100 silly audit   bfj: [ '7.1.0' ],
100 silly audit   'big.js': [ '5.2.2' ],
100 silly audit   'binary-extensions': [ '2.3.0' ],
100 silly audit   bluebird: [ '3.7.2' ],
100 silly audit   'body-parser': [ '1.20.4' ],
100 silly audit   debug: [ '2.6.9', '4.4.3', '3.2.7' ],
100 silly audit   'iconv-lite': [ '0.4.24', '0.6.3' ],
100 silly audit   ms: [ '2.0.0', '2.1.3' ],
100 silly audit   'bonjour-service': [ '1.3.0' ],
100 silly audit   boolbase: [ '1.0.0' ],
100 silly audit   'brace-expansion': [ '1.1.12', '2.0.2' ],
100 silly audit   braces: [ '3.0.3' ],
100 silly audit   'browser-process-hrtime': [ '1.0.0' ],
100 silly audit   browserslist: [ '4.28.1' ],
100 silly audit   bser: [ '2.1.1' ],
100 silly audit   'buffer-from': [ '1.1.2' ],
100 silly audit   'builtin-modules': [ '3.3.0' ],
100 silly audit   bytes: [ '3.1.2' ],
100 silly audit   'call-bind': [ '1.0.8' ],
100 silly audit   'call-bind-apply-helpers': [ '1.0.2' ],
100 silly audit   'call-bound': [ '1.0.4' ],
100 silly audit   callsites: [ '3.1.0' ],
100 silly audit   'camel-case': [ '4.1.2' ],
100 silly audit   'camelcase-css': [ '2.0.1' ],
100 silly audit   'caniuse-api': [ '3.0.0' ],
100 silly audit   'caniuse-lite': [ '1.0.30001772' ],
100 silly audit   'case-sensitive-paths-webpack-plugin': [ '2.4.0' ],
100 silly audit   chalk: [ '4.1.2', '2.4.2' ],
100 silly audit   'char-regex': [ '1.0.2', '2.0.2' ],
100 silly audit   'check-types': [ '11.2.3' ],
100 silly audit   chokidar: [ '3.6.0' ],
100 silly audit   'glob-parent': [ '5.1.2', '6.0.2' ],
100 silly audit   'chrome-trace-event': [ '1.0.4' ],
100 silly audit   'ci-info': [ '3.9.0' ],
100 silly audit   'cjs-module-lexer': [ '1.4.3' ],
100 silly audit   'clean-css': [ '5.3.3' ],
100 silly audit   cliui: [ '7.0.4' ],
100 silly audit   co: [ '4.6.0' ],
100 silly audit   coa: [ '2.0.2' ],
100 silly audit   'color-convert': [ '1.9.3', '2.0.1' ],
100 silly audit   'color-name': [ '1.1.3', '1.1.4' ],
100 silly audit   'escape-string-regexp': [ '1.0.5', '4.0.0', '2.0.0' ],
100 silly audit   'has-flag': [ '3.0.0', '4.0.0' ],
100 silly audit   'supports-color': [ '5.5.0', '8.1.1', '7.2.0' ],
100 silly audit   'collect-v8-coverage': [ '1.0.3' ],
100 silly audit   colord: [ '2.9.3' ],
100 silly audit   colorette: [ '2.0.20' ],
100 silly audit   'combined-stream': [ '1.0.8' ],
100 silly audit   commander: [ '8.3.0', '7.2.0', '4.1.1', '2.20.3' ],
100 silly audit   'common-tags': [ '1.8.2' ],
100 silly audit   commondir: [ '1.0.1' ],
100 silly audit   compressible: [ '2.0.18' ],
100 silly audit   compression: [ '1.8.1' ],
100 silly audit   'concat-map': [ '0.0.1' ],
100 silly audit   'confusing-browser-globals': [ '1.0.11' ],
100 silly audit   'connect-history-api-fallback': [ '2.0.0' ],
100 silly audit   'content-disposition': [ '0.5.4' ],
100 silly audit   'content-type': [ '1.0.5' ],
100 silly audit   cookie: [ '0.7.2' ],
100 silly audit   'cookie-signature': [ '1.0.7' ],
100 silly audit   'core-js': [ '3.48.0' ],
100 silly audit   'core-js-compat': [ '3.48.0' ],
100 silly audit   'core-js-pure': [ '3.48.0' ],
100 silly audit   'core-util-is': [ '1.0.3' ],
100 silly audit   cosmiconfig: [ '7.1.0', '6.0.0' ],
100 silly audit   'cross-spawn': [ '7.0.6' ],
100 silly audit   'crypto-random-string': [ '2.0.0' ],
100 silly audit   'css-blank-pseudo': [ '3.0.3' ],
100 silly audit   'css-declaration-sorter': [ '6.4.1' ],
100 silly audit   'css-has-pseudo': [ '3.0.4' ],
100 silly audit   'css-loader': [ '6.11.0' ],
100 silly audit   'css-minimizer-webpack-plugin': [ '3.4.1' ],
100 silly audit   'css-prefers-color-scheme': [ '6.0.3' ],
100 silly audit   'css-select': [ '4.3.0', '2.1.0' ],
100 silly audit   'css-select-base-adapter': [ '0.1.1' ],
100 silly audit   'css-tree': [ '1.0.0-alpha.37', '1.1.3' ],
100 silly audit   'css-what': [ '6.2.2', '3.4.2' ],
100 silly audit   cssdb: [ '7.11.2' ],
100 silly audit   cssesc: [ '3.0.0' ],
100 silly audit   cssnano: [ '5.1.15' ],
100 silly audit   'cssnano-preset-default': [ '5.2.14' ],
100 silly audit   'cssnano-utils': [ '3.1.0' ],
100 silly audit   csso: [ '4.2.0' ],
100 silly audit   'mdn-data': [ '2.0.14', '2.0.4' ],
100 silly audit   cssom: [ '0.4.4', '0.3.8' ],
100 silly audit   cssstyle: [ '2.3.0' ],
100 silly audit   'damerau-levenshtein': [ '1.0.8' ],
100 silly audit   'data-urls': [ '2.0.0' ],
100 silly audit   'data-view-buffer': [ '1.0.2' ],
100 silly audit   'data-view-byte-length': [ '1.0.2' ],
100 silly audit   'data-view-byte-offset': [ '1.0.1' ],
100 silly audit   'decimal.js': [ '10.6.0' ],
100 silly audit   dedent: [ '0.7.0' ],
100 silly audit   'deep-is': [ '0.1.4' ],
100 silly audit   deepmerge: [ '4.3.1' ],
100 silly audit   'default-gateway': [ '6.0.3' ],
100 silly audit   'define-data-property': [ '1.1.4' ],
100 silly audit   'define-lazy-prop': [ '2.0.0' ],
100 silly audit   'define-properties': [ '1.2.1' ],
100 silly audit   'delayed-stream': [ '1.0.0' ],
100 silly audit   depd: [ '2.0.0', '1.1.2' ],
100 silly audit   destroy: [ '1.2.0' ],
100 silly audit   'detect-newline': [ '3.1.0' ],
100 silly audit   'detect-node': [ '2.1.0' ],
100 silly audit   'detect-port-alt': [ '1.1.6' ],
100 silly audit   didyoumean: [ '1.2.2' ],
100 silly audit   'diff-sequences': [ '27.5.1' ],
100 silly audit   'dir-glob': [ '3.0.1' ],
100 silly audit   dlv: [ '1.1.3' ],
100 silly audit   'dns-packet': [ '5.6.1' ],
100 silly audit   doctrine: [ '3.0.0', '2.1.0' ],
100 silly audit   'dom-converter': [ '0.2.0' ],
100 silly audit   'dom-serializer': [ '1.4.1', '0.2.2' ],
100 silly audit   domelementtype: [ '2.3.0', '1.3.1' ],
100 silly audit   domexception: [ '2.0.1' ],
100 silly audit   'webidl-conversions': [ '5.0.0', '6.1.0', '4.0.2' ],
100 silly audit   domhandler: [ '4.3.1' ],
100 silly audit   domutils: [ '2.8.0', '1.7.0' ],
100 silly audit   'dot-case': [ '3.0.4' ],
100 silly audit   dotenv: [ '10.0.0' ],
100 silly audit   'dotenv-expand': [ '5.1.0' ],
100 silly audit   'dunder-proto': [ '1.0.1' ],
100 silly audit   duplexer: [ '0.1.2' ],
100 silly audit   'ee-first': [ '1.1.1' ],
100 silly audit   ejs: [ '3.1.10' ],
100 silly audit   'electron-to-chromium': [ '1.5.302' ],
100 silly audit   emittery: [ '0.8.1', '0.10.2' ],
100 silly audit   'emoji-regex': [ '9.2.2', '8.0.0' ],
100 silly audit   'emojis-list': [ '3.0.0' ],
100 silly audit   encodeurl: [ '2.0.0' ],
100 silly audit   'enhanced-resolve': [ '5.19.0' ],
100 silly audit   entities: [ '2.2.0' ],
100 silly audit   'error-ex': [ '1.3.4' ],
100 silly audit   'error-stack-parser': [ '2.1.4' ],
100 silly audit   'es-abstract': [ '1.24.1' ],
100 silly audit   'es-array-method-boxes-properly': [ '1.0.0' ],
100 silly audit   'es-define-property': [ '1.0.1' ],
100 silly audit   'es-errors': [ '1.3.0' ],
100 silly audit   'es-iterator-helpers': [ '1.2.2' ],
100 silly audit   'es-module-lexer': [ '2.0.0' ],
100 silly audit   'es-object-atoms': [ '1.1.1' ],
100 silly audit   'es-set-tostringtag': [ '2.1.0' ],
100 silly audit   'es-shim-unscopables': [ '1.1.0' ],
100 silly audit   'es-to-primitive': [ '1.3.0' ],
100 silly audit   escalade: [ '3.2.0' ],
100 silly audit   'escape-html': [ '1.0.3' ],
100 silly audit   escodegen: [ '2.1.0' ],
100 silly audit   eslint: [ '8.57.1' ],
100 silly audit   'eslint-config-react-app': [ '7.0.1' ],
100 silly audit   'eslint-import-resolver-node': [ '0.3.9' ],
100 silly audit   'eslint-module-utils': [ '2.12.1' ],
100 silly audit   'eslint-plugin-flowtype': [ '8.0.3' ],
100 silly audit   'eslint-plugin-import': [ '2.32.0' ],
100 silly audit   'eslint-plugin-jest': [ '25.7.0' ],
100 silly audit   'eslint-plugin-jsx-a11y': [ '6.10.2' ],
100 silly audit   'eslint-plugin-react': [ '7.37.5' ],
100 silly audit   'eslint-plugin-react-hooks': [ '4.6.2' ],
100 silly audit   resolve: [ '2.0.0-next.6', '1.22.11' ],
100 silly audit   'eslint-plugin-testing-library': [ '5.11.1' ],
100 silly audit   'eslint-webpack-plugin': [ '3.2.0' ],
100 silly audit   'jest-worker': [ '28.1.3', '27.5.1', '26.6.2' ],
100 silly audit   'find-up': [ '5.0.0', '4.1.0', '3.0.0' ],
100 silly audit   'locate-path': [ '6.0.0', '5.0.0', '3.0.0' ],
100 silly audit   'p-limit': [ '3.1.0', '2.3.0' ],
100 silly audit   'p-locate': [ '5.0.0', '4.1.0', '3.0.0' ],
100 silly audit   espree: [ '9.6.1' ],
100 silly audit   esprima: [ '4.0.1', '1.2.5' ],
100 silly audit   esquery: [ '1.7.0' ],
100 silly audit   esrecurse: [ '4.3.0' ],
100 silly audit   'estree-walker': [ '1.0.1' ],
100 silly audit   esutils: [ '2.0.3' ],
100 silly audit   etag: [ '1.8.1' ],
100 silly audit   eventemitter3: [ '4.0.7' ],
100 silly audit   events: [ '3.3.0' ],
100 silly audit   execa: [ '5.1.1' ],
100 silly audit   exit: [ '0.1.2' ],
100 silly audit   expect: [ '27.5.1' ],
100 silly audit   express: [ '4.22.1' ],
100 silly audit   'fast-deep-equal': [ '3.1.3' ],
100 silly audit   'fast-glob': [ '3.3.3' ],
100 silly audit   'fast-json-stable-stringify': [ '2.1.0' ],
100 silly audit   'fast-levenshtein': [ '2.0.6' ],
100 silly audit   'fast-uri': [ '3.1.0' ],
100 silly audit   fastq: [ '1.20.1' ],
100 silly audit   'faye-websocket': [ '0.11.4' ],
100 silly audit   'fb-watchman': [ '2.0.2' ],
100 silly audit   'file-entry-cache': [ '6.0.1' ],
100 silly audit   'file-loader': [ '6.2.0' ],
100 silly audit   filelist: [ '1.0.4' ],
100 silly audit   minimatch: [ '5.1.7', '3.1.3' ],
100 silly audit   filesize: [ '8.0.7' ],
100 silly audit   'fill-range': [ '7.1.1' ],
100 silly audit   finalhandler: [ '1.3.2' ],
100 silly audit   'find-cache-dir': [ '3.3.2' ],
100 silly audit   'flat-cache': [ '3.2.0' ],
100 silly audit   flatted: [ '3.3.3' ],
100 silly audit   'follow-redirects': [ '1.15.11' ],
100 silly audit   'for-each': [ '0.3.5' ],
100 silly audit   'fork-ts-checker-webpack-plugin': [ '6.5.3' ],
100 silly audit   'fs-extra': [ '9.1.0', '10.1.0' ],
100 silly audit   tapable: [ '1.1.3', '2.3.0' ],
100 silly audit   'form-data': [ '3.0.4' ],
100 silly audit   forwarded: [ '0.2.0' ],
100 silly audit   'fraction.js': [ '5.3.4' ],
100 silly audit   fresh: [ '0.5.2' ],
100 silly audit   'fs-monkey': [ '1.1.0' ],
100 silly audit   'fs.realpath': [ '1.0.0' ],
100 silly audit   fsevents: [ '2.3.3' ],
100 silly audit   'function-bind': [ '1.1.2' ],
100 silly audit   'function.prototype.name': [ '1.1.8' ],
100 silly audit   'functions-have-names': [ '1.2.3' ],
100 silly audit   'generator-function': [ '2.0.1' ],
100 silly audit   gensync: [ '1.0.0-beta.2' ],
100 silly audit   'get-caller-file': [ '2.0.5' ],
100 silly audit   'get-intrinsic': [ '1.3.0' ],
100 silly audit   'get-own-enumerable-property-symbols': [ '3.0.2' ],
100 silly audit   'get-package-type': [ '0.1.0' ],
100 silly audit   'get-proto': [ '1.0.1' ],
100 silly audit   'get-stream': [ '6.0.1' ],
100 silly audit   'get-symbol-description': [ '1.1.0' ],
100 silly audit   glob: [ '7.2.3' ],
100 silly audit   'glob-to-regexp': [ '0.4.1' ],
100 silly audit   'global-modules': [ '2.0.0' ],
100 silly audit   'global-prefix': [ '3.0.0' ],
100 silly audit   which: [ '1.3.1', '2.0.2' ],
100 silly audit   globals: [ '13.24.0' ],
100 silly audit   globalthis: [ '1.0.4' ],
100 silly audit   globby: [ '11.1.0' ],
100 silly audit   gopd: [ '1.2.0' ],
100 silly audit   'graceful-fs': [ '4.2.11' ],
100 silly audit   graphemer: [ '1.4.0' ],
100 silly audit   'gzip-size': [ '6.0.0' ],
100 silly audit   'handle-thing': [ '2.0.1' ],
100 silly audit   'harmony-reflect': [ '1.6.2' ],
100 silly audit   'has-bigints': [ '1.1.0' ],
100 silly audit   'has-property-descriptors': [ '1.0.2' ],
100 silly audit   'has-proto': [ '1.2.0' ],
100 silly audit   'has-symbols': [ '1.1.0' ],
100 silly audit   'has-tostringtag': [ '1.0.2' ],
100 silly audit   hasown: [ '2.0.2' ],
100 silly audit   he: [ '1.2.0' ],
100 silly audit   hoopy: [ '0.1.4' ],
100 silly audit   'hpack.js': [ '2.1.6' ],
100 silly audit   isarray: [ '1.0.0', '2.0.5' ],
100 silly audit   'readable-stream': [ '2.3.8', '3.6.2' ],
100 silly audit   'safe-buffer': [ '5.1.2', '5.2.1' ],
100 silly audit   string_decoder: [ '1.1.1', '1.3.0' ],
100 silly audit   'html-encoding-sniffer': [ '2.0.1' ],
100 silly audit   'html-entities': [ '2.6.0' ],
100 silly audit   'html-escaper': [ '2.0.2' ],
100 silly audit   'html-minifier-terser': [ '6.1.0' ],
100 silly audit   'html-webpack-plugin': [ '5.6.6' ],
100 silly audit   htmlparser2: [ '6.1.0' ],
100 silly audit   'http-deceiver': [ '1.2.7' ],
100 silly audit   'http-errors': [ '2.0.1', '1.8.1' ],
100 silly audit   'http-parser-js': [ '0.5.10' ],
100 silly audit   'http-proxy': [ '1.18.1' ],
100 silly audit   'http-proxy-agent': [ '4.0.1' ],
100 silly audit   'http-proxy-middleware': [ '2.0.9' ],
100 silly audit   'https-proxy-agent': [ '5.0.1' ],
100 silly audit   'human-signals': [ '2.1.0' ],
100 silly audit   'icss-utils': [ '5.1.0' ],
100 silly audit   idb: [ '7.1.1' ],
100 silly audit   'identity-obj-proxy': [ '3.0.0' ],
100 silly audit   ignore: [ '5.3.2' ],
100 silly audit   immer: [ '9.0.21' ],
100 silly audit   'import-fresh': [ '3.3.1' ],
100 silly audit   'resolve-from': [ '4.0.0', '5.0.0' ],
100 silly audit   'import-local': [ '3.2.0' ],
100 silly audit   imurmurhash: [ '0.1.4' ],
100 silly audit   inflight: [ '1.0.6' ],
100 silly audit   inherits: [ '2.0.4' ],
100 silly audit   ini: [ '1.3.8' ],
100 silly audit   'internal-slot': [ '1.1.0' ],
100 silly audit   'ipaddr.js': [ '2.3.0', '1.9.1' ],
100 silly audit   'is-array-buffer': [ '3.0.5' ],
100 silly audit   'is-arrayish': [ '0.2.1' ],
100 silly audit   'is-async-function': [ '2.1.1' ],
100 silly audit   'is-bigint': [ '1.1.0' ],
100 silly audit   'is-binary-path': [ '2.1.0' ],
100 silly audit   'is-boolean-object': [ '1.2.2' ],
100 silly audit   'is-callable': [ '1.2.7' ],
100 silly audit   'is-core-module': [ '2.16.1' ],
100 silly audit   'is-data-view': [ '1.0.2' ],
100 silly audit   'is-date-object': [ '1.1.0' ],
100 silly audit   'is-docker': [ '2.2.1' ],
100 silly audit   'is-extglob': [ '2.1.1' ],
100 silly audit   'is-finalizationregistry': [ '1.1.1' ],
100 silly audit   'is-fullwidth-code-point': [ '3.0.0' ],
100 silly audit   'is-generator-fn': [ '2.1.0' ],
100 silly audit   'is-generator-function': [ '1.1.2' ],
100 silly audit   'is-glob': [ '4.0.3' ],
100 silly audit   'is-map': [ '2.0.3' ],
100 silly audit   'is-module': [ '1.0.0' ],
100 silly audit   'is-negative-zero': [ '2.0.3' ],
100 silly audit   'is-number': [ '7.0.0' ],
100 silly audit   'is-number-object': [ '1.1.1' ],
100 silly audit   'is-obj': [ '1.0.1' ],
100 silly audit   'is-path-inside': [ '3.0.3' ],
100 silly audit   'is-plain-obj': [ '3.0.0' ],
100 silly audit   'is-potential-custom-element-name': [ '1.0.1' ],
100 silly audit   'is-regex': [ '1.2.1' ],
100 silly audit   'is-regexp': [ '1.0.0' ],
100 silly audit   'is-root': [ '2.1.0' ],
100 silly audit   'is-set': [ '2.0.3' ],
100 silly audit   'is-shared-array-buffer': [ '1.0.4' ],
100 silly audit   'is-stream': [ '2.0.1' ],
100 silly audit   'is-string': [ '1.1.1' ],
100 silly audit   'is-symbol': [ '1.1.1' ],
100 silly audit   'is-typed-array': [ '1.1.15' ],
100 silly audit   'is-typedarray': [ '1.0.0' ],
100 silly audit   'is-weakmap': [ '2.0.2' ],
100 silly audit   'is-weakref': [ '1.1.1' ],
100 silly audit   'is-weakset': [ '2.0.4' ],
100 silly audit   'is-wsl': [ '2.2.0' ],
100 silly audit   isexe: [ '2.0.0' ],
100 silly audit   'istanbul-lib-coverage': [ '3.2.2' ],
100 silly audit   'istanbul-lib-instrument': [ '5.2.1' ],
100 silly audit   'istanbul-lib-report': [ '3.0.1' ],
100 silly audit   'make-dir': [ '4.0.0', '3.1.0' ],
100 silly audit   'istanbul-lib-source-maps': [ '4.0.1' ],
100 silly audit   'istanbul-reports': [ '3.2.0' ],
100 silly audit   'iterator.prototype': [ '1.1.5' ],
100 silly audit   jake: [ '10.9.4' ],
100 silly audit   jest: [ '27.5.1' ],
100 silly audit   'jest-changed-files': [ '27.5.1' ],
100 silly audit   'jest-circus': [ '27.5.1' ],
100 silly audit   'jest-cli': [ '27.5.1' ],
100 silly audit   'jest-config': [ '27.5.1' ],
100 silly audit   'jest-diff': [ '27.5.1' ],
100 silly audit   'jest-docblock': [ '27.5.1' ],
100 silly audit   'jest-each': [ '27.5.1' ],
100 silly audit   'jest-environment-jsdom': [ '27.5.1' ],
100 silly audit   'jest-environment-node': [ '27.5.1' ],
100 silly audit   'jest-get-type': [ '27.5.1' ],
100 silly audit   'jest-haste-map': [ '27.5.1' ],
100 silly audit   'jest-jasmine2': [ '27.5.1' ],
100 silly audit   'jest-leak-detector': [ '27.5.1' ],
100 silly audit   'jest-matcher-utils': [ '27.5.1' ],
100 silly audit   'jest-message-util': [ '27.5.1', '28.1.3' ],
100 silly audit   'jest-mock': [ '27.5.1' ],
100 silly audit   'jest-pnp-resolver': [ '1.2.3' ],
100 silly audit   'jest-regex-util': [ '27.5.1', '28.0.2' ],
100 silly audit   'jest-resolve': [ '27.5.1' ],
100 silly audit   'jest-resolve-dependencies': [ '27.5.1' ],
100 silly audit   'jest-runner': [ '27.5.1' ],
100 silly audit   'jest-runtime': [ '27.5.1' ],
100 silly audit   'jest-serializer': [ '27.5.1' ],
100 silly audit   'jest-snapshot': [ '27.5.1' ],
100 silly audit   'jest-util': [ '27.5.1', '28.1.3' ],
100 silly audit   'jest-validate': [ '27.5.1' ],
100 silly audit   'jest-watch-typeahead': [ '1.1.0' ],
100 silly audit   slash: [ '3.0.0', '4.0.0' ],
100 silly audit   'jest-watcher': [ '28.1.3', '27.5.1' ],
100 silly audit   'string-length': [ '4.0.2', '5.0.1' ],
100 silly audit   'strip-ansi': [ '6.0.1', '7.1.2' ],
100 silly audit   'pretty-format': [ '28.1.3', '27.5.1' ],
100 silly audit   'react-is': [ '18.3.1', '16.13.1', '17.0.2' ],
100 silly audit   jiti: [ '1.21.7' ],
100 silly audit   'js-tokens': [ '4.0.0' ],
100 silly audit   jsdom: [ '16.7.0' ],
100 silly audit   jsesc: [ '3.1.0' ],
100 silly audit   'json-buffer': [ '3.0.1' ],
100 silly audit   'json-parse-even-better-errors': [ '2.3.1' ],
100 silly audit   'json-schema': [ '0.4.0' ],
100 silly audit   'json-stable-stringify-without-jsonify': [ '1.0.1' ],
100 silly audit   json5: [ '2.2.3', '1.0.2' ],
100 silly audit   jsonfile: [ '6.2.0' ],
100 silly audit   jsonpath: [ '1.2.1' ],
100 silly audit   jsonpointer: [ '5.0.1' ],
100 silly audit   'jsx-ast-utils': [ '3.3.5' ],
100 silly audit   keyv: [ '4.5.4' ],
100 silly audit   'kind-of': [ '6.0.3' ],
100 silly audit   kleur: [ '3.0.3' ],
100 silly audit   klona: [ '2.0.6' ],
100 silly audit   'language-subtag-registry': [ '0.3.23' ],
100 silly audit   'language-tags': [ '1.0.9' ],
100 silly audit   'launch-editor': [ '2.13.0' ],
100 silly audit   leven: [ '3.1.0' ],
100 silly audit   levn: [ '0.4.1' ],
100 silly audit   lilconfig: [ '2.1.0', '3.1.3' ],
100 silly audit   'lines-and-columns': [ '1.2.4' ],
100 silly audit   'loader-runner': [ '4.3.1' ],
100 silly audit   'loader-utils': [ '2.0.4', '3.3.1' ],
100 silly audit   lodash: [ '4.17.23' ],
100 silly audit   'lodash.debounce': [ '4.0.8' ],
100 silly audit   'lodash.memoize': [ '4.1.2' ],
100 silly audit   'lodash.merge': [ '4.6.2' ],
100 silly audit   'lodash.sortby': [ '4.7.0' ],
100 silly audit   'lodash.uniq': [ '4.5.0' ],
100 silly audit   'loose-envify': [ '1.4.0' ],
100 silly audit   'lower-case': [ '2.0.2' ],
100 silly audit   'lru-cache': [ '5.1.1' ],
100 silly audit   'magic-string': [ '0.25.9' ],
100 silly audit   makeerror: [ '1.0.12' ],
100 silly audit   'math-intrinsics': [ '1.1.0' ],
100 silly audit   'media-typer': [ '0.3.0' ],
100 silly audit   memfs: [ '3.5.3' ],
100 silly audit   'merge-descriptors': [ '1.0.3' ],
100 silly audit   'merge-stream': [ '2.0.0' ],
100 silly audit   merge2: [ '1.4.1' ],
100 silly audit   methods: [ '1.1.2' ],
100 silly audit   micromatch: [ '4.0.8' ],
100 silly audit   mime: [ '1.6.0' ],
100 silly audit   'mime-db': [ '1.52.0' ],
100 silly audit   'mime-types': [ '2.1.35' ],
100 silly audit   'mimic-fn': [ '2.1.0' ],
100 silly audit   'mini-css-extract-plugin': [ '2.10.0' ],
100 silly audit   'minimalistic-assert': [ '1.0.1' ],
100 silly audit   minimist: [ '1.2.8' ],
100 silly audit   mkdirp: [ '0.5.6' ],
100 silly audit   'multicast-dns': [ '7.2.5' ],
100 silly audit   mz: [ '2.7.0' ],
100 silly audit   nanoid: [ '3.3.11' ],
100 silly audit   'natural-compare': [ '1.4.0' ],
100 silly audit   'natural-compare-lite': [ '1.4.0' ],
100 silly audit   'neo-async': [ '2.6.2' ],
100 silly audit   'no-case': [ '3.0.4' ],
100 silly audit   'node-exports-info': [ '1.6.0' ],
100 silly audit   'node-forge': [ '1.3.3' ],
100 silly audit   'node-int64': [ '0.4.0' ],
100 silly audit   'node-releases': [ '2.0.27' ],
100 silly audit   'normalize-path': [ '3.0.0' ],
100 silly audit   'normalize-url': [ '6.1.0' ],
100 silly audit   'npm-run-path': [ '4.0.1' ],
100 silly audit   'nth-check': [ '2.1.1', '1.0.2' ],
100 silly audit   nwsapi: [ '2.2.23' ],
100 silly audit   'object-assign': [ '4.1.1' ],
100 silly audit   'object-hash': [ '3.0.0' ],
100 silly audit   'object-inspect': [ '1.13.4' ],
100 silly audit   'object-keys': [ '1.1.1' ],
100 silly audit   'object.assign': [ '4.1.7' ],
100 silly audit   'object.entries': [ '1.1.9' ],
100 silly audit   'object.fromentries': [ '2.0.8' ],
100 silly audit   'object.getownpropertydescriptors': [ '2.1.9' ],
100 silly audit   'object.groupby': [ '1.0.3' ],
100 silly audit   'object.values': [ '1.2.1' ],
100 silly audit   obuf: [ '1.1.2' ],
100 silly audit   'on-finished': [ '2.4.1' ],
100 silly audit   'on-headers': [ '1.1.0' ],
100 silly audit   once: [ '1.4.0' ],
100 silly audit   onetime: [ '5.1.2' ],
100 silly audit   open: [ '8.4.2' ],
100 silly audit   optionator: [ '0.9.4' ],
100 silly audit   'own-keys': [ '1.0.1' ],
100 silly audit   'p-retry': [ '4.6.2' ],
100 silly audit   'p-try': [ '2.2.0' ],
100 silly audit   'param-case': [ '3.0.4' ],
100 silly audit   'parent-module': [ '1.0.1' ],
100 silly audit   'parse-json': [ '5.2.0' ],
100 silly audit   parse5: [ '6.0.1' ],
100 silly audit   parseurl: [ '1.3.3' ],
100 silly audit   'pascal-case': [ '3.1.2' ],
100 silly audit   'path-exists': [ '4.0.0', '3.0.0' ],
100 silly audit   'path-is-absolute': [ '1.0.1' ],
100 silly audit   'path-key': [ '3.1.1' ],
100 silly audit   'path-parse': [ '1.0.7' ],
100 silly audit   'path-to-regexp': [ '0.1.12' ],
100 silly audit   'path-type': [ '4.0.0' ],
100 silly audit   'performance-now': [ '2.1.0' ],
100 silly audit   picocolors: [ '1.1.1', '0.2.1' ],
100 silly audit   picomatch: [ '2.3.1', '4.0.3' ],
100 silly audit   pify: [ '2.3.0' ],
100 silly audit   pirates: [ '4.0.7' ],
100 silly audit   'pkg-dir': [ '4.2.0' ],
100 silly audit   'pkg-up': [ '3.1.0' ],
100 silly audit   'possible-typed-array-names': [ '1.1.0' ],
100 silly audit   postcss: [ '8.5.6', '7.0.39' ],
100 silly audit   'postcss-attribute-case-insensitive': [ '5.0.2' ],
100 silly audit   'postcss-browser-comments': [ '4.0.0' ],
100 silly audit   'postcss-calc': [ '8.2.4' ],
100 silly audit   'postcss-clamp': [ '4.1.0' ],
100 silly audit   'postcss-color-functional-notation': [ '4.2.4' ],
100 silly audit   'postcss-color-hex-alpha': [ '8.0.4' ],
100 silly audit   'postcss-color-rebeccapurple': [ '7.1.1' ],
100 silly audit   'postcss-colormin': [ '5.3.1' ],
100 silly audit   'postcss-convert-values': [ '5.1.3' ],
100 silly audit   'postcss-custom-media': [ '8.0.2' ],
100 silly audit   'postcss-custom-properties': [ '12.1.11' ],
100 silly audit   'postcss-custom-selectors': [ '6.0.3' ],
100 silly audit   'postcss-dir-pseudo-class': [ '6.0.5' ],
100 silly audit   'postcss-discard-comments': [ '5.1.2' ],
100 silly audit   'postcss-discard-duplicates': [ '5.1.0' ],
100 silly audit   'postcss-discard-empty': [ '5.1.1' ],
100 silly audit   'postcss-discard-overridden': [ '5.1.0' ],
100 silly audit   'postcss-double-position-gradients': [ '3.1.2' ],
100 silly audit   'postcss-env-function': [ '4.0.6' ],
100 silly audit   'postcss-flexbugs-fixes': [ '5.0.2' ],
100 silly audit   'postcss-focus-visible': [ '6.0.4' ],
100 silly audit   'postcss-focus-within': [ '5.0.4' ],
100 silly audit   'postcss-font-variant': [ '5.0.0' ],
100 silly audit   'postcss-gap-properties': [ '3.0.5' ],
100 silly audit   'postcss-image-set-function': [ '4.0.7' ],
100 silly audit   'postcss-import': [ '15.1.0' ],
100 silly audit   'postcss-initial': [ '4.0.1' ],
100 silly audit   'postcss-js': [ '4.1.0' ],
100 silly audit   'postcss-lab-function': [ '4.2.1' ],
100 silly audit   'postcss-loader': [ '6.2.1' ],
100 silly audit   'postcss-logical': [ '5.0.4' ],
100 silly audit   'postcss-media-minmax': [ '5.0.0' ],
100 silly audit   'postcss-merge-longhand': [ '5.1.7' ],
100 silly audit   'postcss-merge-rules': [ '5.1.4' ],
100 silly audit   'postcss-minify-font-values': [ '5.1.0' ],
100 silly audit   'postcss-minify-gradients': [ '5.1.1' ],
100 silly audit   'postcss-minify-params': [ '5.1.4' ],
100 silly audit   'postcss-minify-selectors': [ '5.2.1' ],
100 silly audit   'postcss-modules-extract-imports': [ '3.1.0' ],
100 silly audit   'postcss-modules-local-by-default': [ '4.2.0' ],
100 silly audit   'postcss-selector-parser': [ '7.1.1', '6.1.2' ],
100 silly audit   'postcss-modules-scope': [ '3.2.1' ],
100 silly audit   'postcss-modules-values': [ '4.0.0' ],
100 silly audit   'postcss-nested': [ '6.2.0' ],
100 silly audit   'postcss-nesting': [ '10.2.0' ],
100 silly audit   'postcss-normalize': [ '10.0.1' ],
100 silly audit   'postcss-normalize-charset': [ '5.1.0' ],
100 silly audit   'postcss-normalize-display-values': [ '5.1.0' ],
100 silly audit   'postcss-normalize-positions': [ '5.1.1' ],
100 silly audit   'postcss-normalize-repeat-style': [ '5.1.1' ],
100 silly audit   'postcss-normalize-string': [ '5.1.0' ],
100 silly audit   'postcss-normalize-timing-functions': [ '5.1.0' ],
100 silly audit   'postcss-normalize-unicode': [ '5.1.1' ],
100 silly audit   'postcss-normalize-url': [ '5.1.0' ],
100 silly audit   'postcss-normalize-whitespace': [ '5.1.1' ],
100 silly audit   'postcss-opacity-percentage': [ '1.1.3' ],
100 silly audit   'postcss-ordered-values': [ '5.1.3' ],
100 silly audit   'postcss-overflow-shorthand': [ '3.0.4' ],
100 silly audit   'postcss-page-break': [ '3.0.4' ],
100 silly audit   'postcss-place': [ '7.0.5' ],
100 silly audit   'postcss-preset-env': [ '7.8.3' ],
100 silly audit   'postcss-pseudo-class-any-link': [ '7.1.6' ],
100 silly audit   'postcss-reduce-initial': [ '5.1.2' ],
100 silly audit   'postcss-reduce-transforms': [ '5.1.0' ],
100 silly audit   'postcss-replace-overflow-wrap': [ '4.0.0' ],
100 silly audit   'postcss-selector-not': [ '6.0.1' ],
100 silly audit   'postcss-svgo': [ '5.1.0' ],
100 silly audit   svgo: [ '2.8.0', '1.3.2' ],
100 silly audit   'postcss-unique-selectors': [ '5.1.1' ],
100 silly audit   'postcss-value-parser': [ '4.2.0' ],
100 silly audit   'prelude-ls': [ '1.2.1' ],
100 silly audit   'pretty-bytes': [ '5.6.0' ],
100 silly audit   'pretty-error': [ '4.0.0' ],
100 silly audit   'process-nextick-args': [ '2.0.1' ],
100 silly audit   promise: [ '8.3.0' ],
100 silly audit   prompts: [ '2.4.2' ],
100 silly audit   'prop-types': [ '15.8.1' ],
100 silly audit   'proxy-addr': [ '2.0.7' ],
100 silly audit   psl: [ '1.15.0' ],
100 silly audit   punycode: [ '2.3.1' ],
100 silly audit   q: [ '1.5.1' ],
100 silly audit   qs: [ '6.14.2' ],
100 silly audit   querystringify: [ '2.2.0' ],
100 silly audit   'queue-microtask': [ '1.2.3' ],
100 silly audit   raf: [ '3.4.1' ],
100 silly audit   randombytes: [ '2.1.0' ],
100 silly audit   'range-parser': [ '1.2.1' ],
100 silly audit   'raw-body': [ '2.5.3' ],
100 silly audit   react: [ '18.3.1' ],
100 silly audit   'react-app-polyfill': [ '3.0.0' ],
100 silly audit   'react-dev-utils': [ '12.0.1' ],
100 silly audit   'react-dom': [ '18.3.1' ],
100 silly audit   'react-error-overlay': [ '6.1.0' ],
100 silly audit   'react-refresh': [ '0.11.0' ],
100 silly audit   'react-scripts': [ '5.0.1' ],
100 silly audit   'read-cache': [ '1.0.0' ],
100 silly audit   readdirp: [ '3.6.0' ],
100 silly audit   'recursive-readdir': [ '2.2.3' ],
100 silly audit   'reflect.getprototypeof': [ '1.0.10' ],
100 silly audit   regenerate: [ '1.4.2' ],
100 silly audit   'regenerate-unicode-properties': [ '10.2.2' ],
100 silly audit   'regenerator-runtime': [ '0.13.11' ],
100 silly audit   'regex-parser': [ '2.3.1' ],
100 silly audit   'regexp.prototype.flags': [ '1.5.4' ],
100 silly audit   'regexpu-core': [ '6.4.0' ],
100 silly audit   regjsgen: [ '0.8.0' ],
100 silly audit   regjsparser: [ '0.13.0' ],
100 silly audit   relateurl: [ '0.2.7' ],
100 silly audit   renderkid: [ '3.0.0' ],
100 silly audit   'require-directory': [ '2.1.1' ],
100 silly audit   'require-from-string': [ '2.0.2' ],
100 silly audit   'requires-port': [ '1.0.0' ],
100 silly audit   'resolve-cwd': [ '3.0.0' ],
100 silly audit   'resolve-url-loader': [ '4.0.0' ],
100 silly audit   'resolve.exports': [ '1.1.1' ],
100 silly audit   retry: [ '0.13.1' ],
100 silly audit   reusify: [ '1.1.0' ],
100 silly audit   rimraf: [ '3.0.2' ],
100 silly audit   rollup: [ '2.80.0' ],
100 silly audit   'rollup-plugin-terser': [ '7.0.2' ],
100 silly audit   'serialize-javascript': [ '4.0.0', '6.0.2' ],
100 silly audit   'run-parallel': [ '1.2.0' ],
100 silly audit   'safe-array-concat': [ '1.1.3' ],
100 silly audit   'safe-push-apply': [ '1.0.0' ],
100 silly audit   'safe-regex-test': [ '1.1.0' ],
100 silly audit   'safer-buffer': [ '2.1.2' ],
100 silly audit   'sanitize.css': [ '13.0.0' ],
100 silly audit   'sass-loader': [ '12.6.0' ],
100 silly audit   sax: [ '1.2.4' ],
100 silly audit   saxes: [ '5.0.1' ],
100 silly audit   scheduler: [ '0.23.2' ],
100 silly audit   'select-hose': [ '2.0.0' ],
100 silly audit   selfsigned: [ '2.4.1' ],
100 silly audit   send: [ '0.19.2' ],
100 silly audit   'serve-index': [ '1.9.2' ],
100 silly audit   statuses: [ '1.5.0', '2.0.2' ],
100 silly audit   'serve-static': [ '1.16.3' ],
100 silly audit   'set-function-length': [ '1.2.2' ],
100 silly audit   'set-function-name': [ '2.0.2' ],
100 silly audit   'set-proto': [ '1.0.0' ],
100 silly audit   setprototypeof: [ '1.2.0' ],
100 silly audit   'shebang-command': [ '2.0.0' ],
100 silly audit   'shebang-regex': [ '3.0.0' ],
100 silly audit   'shell-quote': [ '1.8.3' ],
100 silly audit   'side-channel': [ '1.1.0' ],
100 silly audit   'side-channel-list': [ '1.0.0' ],
100 silly audit   'side-channel-map': [ '1.0.1' ],
100 silly audit   'side-channel-weakmap': [ '1.0.2' ],
100 silly audit   'signal-exit': [ '3.0.7' ],
100 silly audit   sisteransi: [ '1.0.5' ],
100 silly audit   sockjs: [ '0.3.24' ],
100 silly audit   'source-list-map': [ '2.0.1' ],
100 silly audit   'source-map-js': [ '1.2.1' ],
100 silly audit   'source-map-loader': [ '3.0.2' ],
100 silly audit   'source-map-support': [ '0.5.21' ],
100 silly audit   'sourcemap-codec': [ '1.4.8' ],
100 silly audit   spdy: [ '4.0.2' ],
100 silly audit   'spdy-transport': [ '3.0.0' ],
100 silly audit   'sprintf-js': [ '1.0.3' ],
100 silly audit   stable: [ '0.1.8' ],
100 silly audit   'stack-utils': [ '2.0.6' ],
100 silly audit   stackframe: [ '1.3.4' ],
100 silly audit   'static-eval': [ '2.1.1' ],
100 silly audit   'stop-iteration-iterator': [ '1.1.0' ],
100 silly audit   'string-natural-compare': [ '3.0.1' ],
100 silly audit   'string-width': [ '4.2.3' ],
100 silly audit   'string.prototype.includes': [ '2.0.1' ],
100 silly audit   'string.prototype.matchall': [ '4.0.12' ],
100 silly audit   'string.prototype.repeat': [ '1.0.0' ],
100 silly audit   'string.prototype.trim': [ '1.2.10' ],
100 silly audit   'string.prototype.trimend': [ '1.0.9' ],
100 silly audit   'string.prototype.trimstart': [ '1.0.8' ],
100 silly audit   'stringify-object': [ '3.3.0' ],
100 silly audit   'strip-bom': [ '4.0.0', '3.0.0' ],
100 silly audit   'strip-comments': [ '2.0.1' ],
100 silly audit   'strip-final-newline': [ '2.0.0' ],
100 silly audit   'strip-json-comments': [ '3.1.1' ],
100 silly audit   'style-loader': [ '3.3.4' ],
100 silly audit   stylehacks: [ '5.1.1' ],
100 silly audit   sucrase: [ '3.35.1' ],
100 silly audit   'supports-hyperlinks': [ '2.3.0' ],
100 silly audit   'supports-preserve-symlinks-flag': [ '1.0.0' ],
100 silly audit   'svg-parser': [ '2.0.4' ],
100 silly audit   'symbol-tree': [ '3.2.4' ],
100 silly audit   tailwindcss: [ '3.4.19' ],
100 silly audit   'postcss-load-config': [ '6.0.1' ],
100 silly audit   yaml: [ '1.10.2' ],
100 silly audit   'temp-dir': [ '2.0.0' ],
100 silly audit   tempy: [ '0.6.0' ],
100 silly audit   'terminal-link': [ '2.1.1' ],
100 silly audit   terser: [ '5.46.0' ],
100 silly audit   'terser-webpack-plugin': [ '5.3.16' ],
100 silly audit   'test-exclude': [ '6.0.0' ],
100 silly audit   'text-table': [ '0.2.0' ],
100 silly audit   thenify: [ '3.3.1' ],
100 silly audit   'thenify-all': [ '1.6.0' ],
100 silly audit   throat: [ '6.0.2' ],
100 silly audit   thunky: [ '1.1.0' ],
100 silly audit   tinyglobby: [ '0.2.15' ],
100 silly audit   fdir: [ '6.5.0' ],
100 silly audit   tmpl: [ '1.0.5' ],
100 silly audit   'to-regex-range': [ '5.0.1' ],
100 silly audit   toidentifier: [ '1.0.1' ],
100 silly audit   'tough-cookie': [ '4.1.4' ],
100 silly audit   universalify: [ '0.2.0', '2.0.1' ],
100 silly audit   tr46: [ '2.1.0', '1.0.1' ],
100 silly audit   tryer: [ '1.0.1' ],
100 silly audit   'ts-interface-checker': [ '0.1.13' ],
100 silly audit   'tsconfig-paths': [ '3.15.0' ],
100 silly audit   tslib: [ '2.8.1', '1.14.1' ],
100 silly audit   tsutils: [ '3.21.0' ],
100 silly audit   'type-check': [ '0.4.0' ],
100 silly audit   'type-detect': [ '4.0.8' ],
100 silly audit   'type-is': [ '1.6.18' ],
100 silly audit   'typed-array-buffer': [ '1.0.3' ],
100 silly audit   'typed-array-byte-length': [ '1.0.3' ],
100 silly audit   'typed-array-byte-offset': [ '1.0.4' ],
100 silly audit   'typed-array-length': [ '1.0.7' ],
100 silly audit   'typedarray-to-buffer': [ '3.1.5' ],
100 silly audit   'unbox-primitive': [ '1.1.0' ],
100 silly audit   underscore: [ '1.13.6' ],
100 silly audit   'undici-types': [ '7.18.2' ],
100 silly audit   'unicode-canonical-property-names-ecmascript': [ '2.0.1' ],
100 silly audit   'unicode-match-property-ecmascript': [ '2.0.0' ],
100 silly audit   'unicode-match-property-value-ecmascript': [ '2.2.1' ],
100 silly audit   'unicode-property-aliases-ecmascript': [ '2.2.0' ],
100 silly audit   'unique-string': [ '2.0.0' ],
100 silly audit   unpipe: [ '1.0.0' ],
100 silly audit   unquote: [ '1.1.1' ],
100 silly audit   upath: [ '1.2.0' ],
100 silly audit   'update-browserslist-db': [ '1.2.3' ],
100 silly audit   'uri-js': [ '4.4.1' ],
100 silly audit   'url-parse': [ '1.5.10' ],
100 silly audit   'util-deprecate': [ '1.0.2' ],
100 silly audit   'util.promisify': [ '1.0.1' ],
100 silly audit   utila: [ '0.4.0' ],
100 silly audit   'utils-merge': [ '1.0.1' ],
100 silly audit   uuid: [ '8.3.2' ],
100 silly audit   'v8-to-istanbul': [ '8.1.1' ],
100 silly audit   vary: [ '1.1.2' ],
100 silly audit   'w3c-hr-time': [ '1.0.2' ],
100 silly audit   'w3c-xmlserializer': [ '2.0.0' ],
100 silly audit   walker: [ '1.0.8' ],
100 silly audit   watchpack: [ '2.5.1' ],
100 silly audit   wbuf: [ '1.7.3' ],
100 silly audit   webpack: [ '5.105.2' ],
100 silly audit   'webpack-dev-middleware': [ '5.3.4' ],
100 silly audit   'webpack-dev-server': [ '4.15.2' ],
100 silly audit   ws: [ '8.19.0', '7.5.10' ],
100 silly audit   'webpack-manifest-plugin': [ '4.1.1' ],
100 silly audit   'webpack-sources': [ '2.3.1', '3.3.4', '1.4.3' ],
100 silly audit   'websocket-driver': [ '0.7.4' ],
100 silly audit   'websocket-extensions': [ '0.1.4' ],
100 silly audit   'whatwg-encoding': [ '1.0.5' ],
100 silly audit   'whatwg-fetch': [ '3.6.20' ],
100 silly audit   'whatwg-mimetype': [ '2.3.0' ],
100 silly audit   'whatwg-url': [ '8.7.0', '7.1.0' ],
100 silly audit   'which-boxed-primitive': [ '1.1.1' ],
100 silly audit   'which-builtin-type': [ '1.2.1' ],
100 silly audit   'which-collection': [ '1.0.2' ],
100 silly audit   'which-typed-array': [ '1.1.20' ],
100 silly audit   'word-wrap': [ '1.2.5' ],
100 silly audit   'workbox-background-sync': [ '6.6.0' ],
100 silly audit   'workbox-broadcast-update': [ '6.6.0' ],
100 silly audit   'workbox-build': [ '6.6.0' ],
100 silly audit   '@apideck/better-ajv-errors': [ '0.3.6' ],
100 silly audit   'workbox-cacheable-response': [ '6.6.0' ],
100 silly audit   'workbox-core': [ '6.6.0' ],
100 silly audit   'workbox-expiration': [ '6.6.0' ],
100 silly audit   'workbox-google-analytics': [ '6.6.0' ],
100 silly audit   'workbox-navigation-preload': [ '6.6.0' ],
100 silly audit   'workbox-precaching': [ '6.6.0' ],
100 silly audit   'workbox-range-requests': [ '6.6.0' ],
100 silly audit   'workbox-recipes': [ '6.6.0' ],
100 silly audit   'workbox-routing': [ '6.6.0' ],
100 silly audit   'workbox-strategies': [ '6.6.0' ],
100 silly audit   'workbox-streams': [ '6.6.0' ],
100 silly audit   'workbox-sw': [ '6.6.0' ],
100 silly audit   'workbox-webpack-plugin': [ '6.6.0' ],
100 silly audit   'workbox-window': [ '6.6.0' ],
100 silly audit   'wrap-ansi': [ '7.0.0' ],
100 silly audit   wrappy: [ '1.0.2' ],
100 silly audit   'write-file-atomic': [ '3.0.3' ],
100 silly audit   'xml-name-validator': [ '3.0.0' ],
100 silly audit   xmlchars: [ '2.2.0' ],
100 silly audit   y18n: [ '5.0.8' ],
100 silly audit   yallist: [ '3.1.1' ],
100 silly audit   yargs: [ '16.2.0' ],
100 silly audit   'yargs-parser': [ '20.2.9' ],
100 silly audit   'yocto-queue': [ '0.1.0' ],
100 silly audit   '@testing-library/react': [ '13.4.0' ],
100 silly audit   '@testing-library/dom': [ '8.20.1' ],
100 silly audit   '@types/react-dom': [ '18.3.7' ],
100 silly audit   '@types/react': [ '18.3.28' ],
100 silly audit   '@types/aria-query': [ '5.0.4' ],
100 silly audit   'dom-accessibility-api': [ '0.5.16' ],
100 silly audit   'lz-string': [ '1.5.0' ],
100 silly audit   '@types/prop-types': [ '15.7.15' ],
100 silly audit   csstype: [ '3.2.3' ],
100 silly audit   typescript: [ '4.9.5' ],
100 silly audit   'deep-equal': [ '2.2.3' ],
100 silly audit   'es-get-iterator': [ '1.1.3' ],
100 silly audit   'is-arguments': [ '1.2.0' ],
100 silly audit   'object-is': [ '1.1.6' ]
100 silly audit }
101 http cache is-arguments@https://registry.npmjs.org/is-arguments/-/is-arguments-1.2.0.tgz 0ms (cache hit)
102 http cache object-is@https://registry.npmjs.org/object-is/-/object-is-1.1.6.tgz 0ms (cache hit)
103 http cache es-get-iterator@https://registry.npmjs.org/es-get-iterator/-/es-get-iterator-1.1.3.tgz 0ms (cache hit)
104 http cache deep-equal@https://registry.npmjs.org/deep-equal/-/deep-equal-2.2.3.tgz 0ms (cache hit)
105 http cache @types/prop-types@https://registry.npmjs.org/@types/prop-types/-/prop-types-15.7.15.tgz 0ms (cache hit)
106 http cache csstype@https://registry.npmjs.org/csstype/-/csstype-3.2.3.tgz 0ms (cache hit)
107 http cache @types/aria-query@https://registry.npmjs.org/@types/aria-query/-/aria-query-5.0.4.tgz 0ms (cache hit)
108 http cache lz-string@https://registry.npmjs.org/lz-string/-/lz-string-1.5.0.tgz 0ms (cache hit)
109 http cache dom-accessibility-api@https://registry.npmjs.org/dom-accessibility-api/-/dom-accessibility-api-0.5.16.tgz 0ms (cache hit)
110 http cache @types/react@https://registry.npmjs.org/@types/react/-/react-18.3.28.tgz 0ms (cache hit)
111 http cache @types/react-dom@https://registry.npmjs.org/@types/react-dom/-/react-dom-18.3.7.tgz 0ms (cache hit)
112 http cache @testing-library/react@https://registry.npmjs.org/@testing-library/react/-/react-13.4.0.tgz 0ms (cache hit)
113 http cache aria-query@https://registry.npmjs.org/aria-query/-/aria-query-5.1.3.tgz 0ms (cache hit)
114 http cache typescript@https://registry.npmjs.org/typescript/-/typescript-4.9.5.tgz 0ms (cache hit)
115 http cache @testing-library/dom@https://registry.npmjs.org/@testing-library/dom/-/dom-8.20.1.tgz 0ms (cache hit)
116 silly tarball no local data for is-arguments@https://registry.npmjs.org/is-arguments/-/is-arguments-1.2.0.tgz. Extracting by manifest.
117 silly tarball no local data for object-is@https://registry.npmjs.org/object-is/-/object-is-1.1.6.tgz. Extracting by manifest.
118 silly tarball no local data for es-get-iterator@https://registry.npmjs.org/es-get-iterator/-/es-get-iterator-1.1.3.tgz. Extracting by manifest.
119 silly tarball no local data for deep-equal@https://registry.npmjs.org/deep-equal/-/deep-equal-2.2.3.tgz. Extracting by manifest.
120 silly tarball no local data for @types/prop-types@https://registry.npmjs.org/@types/prop-types/-/prop-types-15.7.15.tgz. Extracting by manifest.
121 silly tarball no local data for csstype@https://registry.npmjs.org/csstype/-/csstype-3.2.3.tgz. Extracting by manifest.
122 silly tarball no local data for @types/aria-query@https://registry.npmjs.org/@types/aria-query/-/aria-query-5.0.4.tgz. Extracting by manifest.
123 silly tarball no local data for lz-string@https://registry.npmjs.org/lz-string/-/lz-string-1.5.0.tgz. Extracting by manifest.
124 silly tarball no local data for dom-accessibility-api@https://registry.npmjs.org/dom-accessibility-api/-/dom-accessibility-api-0.5.16.tgz. Extracting by manifest.
125 silly tarball no local data for @types/react@https://registry.npmjs.org/@types/react/-/react-18.3.28.tgz. Extracting by manifest.
126 silly tarball no local data for @types/react-dom@https://registry.npmjs.org/@types/react-dom/-/react-dom-18.3.7.tgz. Extracting by manifest.
127 silly tarball no local data for @testing-library/react@https://registry.npmjs.org/@testing-library/react/-/react-13.4.0.tgz. Extracting by manifest.
128 silly tarball no local data for aria-query@https://registry.npmjs.org/aria-query/-/aria-query-5.1.3.tgz. Extracting by manifest.
129 silly tarball no local data for typescript@https://registry.npmjs.org/typescript/-/typescript-4.9.5.tgz. Extracting by manifest.
130 silly tarball no local data for @testing-library/dom@https://registry.npmjs.org/@testing-library/dom/-/dom-8.20.1.tgz. Extracting by manifest.
131 http fetch POST 200 https://registry.npmjs.org/-/npm/v1/security/advisories/bulk 314ms
132 silly audit report {
132 silly audit report   minimatch: [
132 silly audit report     {
132 silly audit report       id: 1113371,
132 silly audit report       url: 'https://github.com/advisories/GHSA-3ppc-4f35-3m26',
132 silly audit report       title: 'minimatch has a ReDoS via repeated wildcards with non-matching literal in pattern',
132 silly audit report       severity: 'high',
132 silly audit report       vulnerable_versions: '<10.2.1',
132 silly audit report       cwe: [Array],
132 silly audit report       cvss: [Object]
132 silly audit report     }
132 silly audit report   ],
132 silly audit report   jsonpath: [
132 silly audit report     {
132 silly audit report       id: 1113217,
132 silly audit report       url: 'https://github.com/advisories/GHSA-87r5-mp6g-5w5j',
132 silly audit report       title: 'jsonpath has Arbitrary Code Injection via Unsafe Evaluation of JSON Path Expressions',
132 silly audit report       severity: 'high',
132 silly audit report       vulnerable_versions: '<=1.2.1',
132 silly audit report       cwe: [Array],
132 silly audit report       cvss: [Object]
132 silly audit report     }
132 silly audit report   ],
132 silly audit report   'nth-check': [
132 silly audit report     {
132 silly audit report       id: 1095141,
132 silly audit report       url: 'https://github.com/advisories/GHSA-rp65-9cf3-cjxr',
132 silly audit report       title: 'Inefficient Regular Expression Complexity in nth-check',
132 silly audit report       severity: 'high',
132 silly audit report       vulnerable_versions: '<2.0.1',
132 silly audit report       cwe: [Array],
132 silly audit report       cvss: [Object]
132 silly audit report     }
132 silly audit report   ],
132 silly audit report   postcss: [
132 silly audit report     {
132 silly audit report       id: 1109574,
132 silly audit report       url: 'https://github.com/advisories/GHSA-7fh5-64p2-3v2j',
132 silly audit report       title: 'PostCSS line return parsing error',
132 silly audit report       severity: 'moderate',
132 silly audit report       vulnerable_versions: '<8.4.31',
132 silly audit report       cwe: [Array],
132 silly audit report       cvss: [Object]
132 silly audit report     }
132 silly audit report   ],
132 silly audit report   'webpack-dev-server': [
132 silly audit report     {
132 silly audit report       id: 1108429,
132 silly audit report       url: 'https://github.com/advisories/GHSA-9jgg-88mc-972h',
132 silly audit report       title: "webpack-dev-server users' source code may be stolen when they access a malicious web site with non-Chromium based browser",
132 silly audit report       severity: 'moderate',
132 silly audit report       vulnerable_versions: '<=5.2.0',
132 silly audit report       cwe: [Array],
132 silly audit report       cvss: [Object]
132 silly audit report     },
132 silly audit report     {
132 silly audit report       id: 1108430,
132 silly audit report       url: 'https://github.com/advisories/GHSA-4v9v-hfq4-rm2v',
132 silly audit report       title: "webpack-dev-server users' source code may be stolen when they access a malicious web site",
132 silly audit report       severity: 'moderate',
132 silly audit report       vulnerable_versions: '<=5.2.0',
132 silly audit report       cwe: [Array],
132 silly audit report       cvss: [Object]
132 silly audit report     }
132 silly audit report   ]
132 silly audit report }
133 silly packumentCache corgi:https://registry.npmjs.org/minimatch cache-miss
134 silly packumentCache corgi:https://registry.npmjs.org/jsonpath cache-miss
135 silly packumentCache corgi:https://registry.npmjs.org/nth-check cache-miss
136 silly packumentCache corgi:https://registry.npmjs.org/postcss cache-miss
137 silly packumentCache corgi:https://registry.npmjs.org/webpack-dev-server cache-miss
138 http fetch GET 200 https://registry.npmjs.org/is-arguments/-/is-arguments-1.2.0.tgz 326ms (cache miss)
139 http fetch GET 200 https://registry.npmjs.org/object-is/-/object-is-1.1.6.tgz 331ms (cache miss)
140 http fetch GET 200 https://registry.npmjs.org/@types/prop-types/-/prop-types-15.7.15.tgz 338ms (cache miss)
141 http fetch GET 200 https://registry.npmjs.org/@types/aria-query/-/aria-query-5.0.4.tgz 406ms (cache miss)
142 http fetch GET 200 https://registry.npmjs.org/nth-check 188ms (cache miss)
143 silly packumentCache corgi:https://registry.npmjs.org/nth-check set size:undefined disposed:false
144 http fetch GET 200 https://registry.npmjs.org/@types/react-dom/-/react-dom-18.3.7.tgz 657ms (cache miss)
145 http fetch GET 200 https://registry.npmjs.org/deep-equal/-/deep-equal-2.2.3.tgz 688ms (cache miss)
146 http fetch GET 200 https://registry.npmjs.org/es-get-iterator/-/es-get-iterator-1.1.3.tgz 710ms (cache miss)
147 http fetch GET 200 https://registry.npmjs.org/minimatch 528ms (cache miss)
148 silly packumentCache corgi:https://registry.npmjs.org/minimatch set size:undefined disposed:false
149 http fetch GET 200 https://registry.npmjs.org/jsonpath 542ms (cache miss)
150 silly packumentCache corgi:https://registry.npmjs.org/jsonpath set size:undefined disposed:false
151 http fetch GET 200 https://registry.npmjs.org/webpack-dev-server 560ms (cache miss)
152 silly packumentCache corgi:https://registry.npmjs.org/webpack-dev-server set size:undefined disposed:false
153 http fetch GET 200 https://registry.npmjs.org/lz-string/-/lz-string-1.5.0.tgz 1026ms (cache miss)
154 http fetch GET 200 https://registry.npmjs.org/postcss 757ms (cache miss)
155 silly packumentCache corgi:https://registry.npmjs.org/postcss set size:undefined disposed:false
156 http fetch GET 200 https://registry.npmjs.org/@types/react/-/react-18.3.28.tgz 1047ms (cache miss)
157 http fetch GET 200 https://registry.npmjs.org/csstype/-/csstype-3.2.3.tgz 1084ms (cache miss)
158 silly packumentCache corgi:https://registry.npmjs.org/filelist cache-miss
159 silly packumentCache corgi:https://registry.npmjs.org/@eslint%2feslintrc cache-miss
160 silly packumentCache corgi:https://registry.npmjs.org/@humanwhocodes%2fconfig-array cache-miss
161 silly packumentCache corgi:https://registry.npmjs.org/eslint cache-miss
162 silly packumentCache corgi:https://registry.npmjs.org/eslint-plugin-import cache-miss
163 silly packumentCache corgi:https://registry.npmjs.org/eslint-plugin-jsx-a11y cache-miss
164 silly packumentCache corgi:https://registry.npmjs.org/eslint-plugin-react cache-miss
165 silly packumentCache corgi:https://registry.npmjs.org/fork-ts-checker-webpack-plugin cache-miss
166 silly packumentCache corgi:https://registry.npmjs.org/glob cache-miss
167 silly packumentCache corgi:https://registry.npmjs.org/recursive-readdir cache-miss
168 silly packumentCache corgi:https://registry.npmjs.org/test-exclude cache-miss
169 http fetch GET 200 https://registry.npmjs.org/filelist 417ms (cache miss)
170 silly packumentCache corgi:https://registry.npmjs.org/filelist set size:undefined disposed:false
171 http fetch GET 200 https://registry.npmjs.org/recursive-readdir 449ms (cache miss)
172 silly packumentCache corgi:https://registry.npmjs.org/recursive-readdir set size:undefined disposed:false
173 http fetch GET 200 https://registry.npmjs.org/test-exclude 475ms (cache miss)
174 silly packumentCache corgi:https://registry.npmjs.org/test-exclude set size:undefined disposed:false
175 http fetch GET 200 https://registry.npmjs.org/@eslint%2feslintrc 492ms (cache miss)
176 silly packumentCache corgi:https://registry.npmjs.org/@eslint%2feslintrc set size:undefined disposed:false
177 http fetch GET 200 https://registry.npmjs.org/glob 531ms (cache miss)
178 silly packumentCache corgi:https://registry.npmjs.org/glob set size:undefined disposed:false
179 http fetch GET 200 https://registry.npmjs.org/@humanwhocodes%2fconfig-array 569ms (cache miss)
180 silly packumentCache corgi:https://registry.npmjs.org/@humanwhocodes%2fconfig-array set size:undefined disposed:false
181 http fetch GET 200 https://registry.npmjs.org/eslint-plugin-import 605ms (cache miss)
182 silly packumentCache corgi:https://registry.npmjs.org/eslint-plugin-import set size:undefined disposed:false
183 http fetch GET 200 https://registry.npmjs.org/eslint-plugin-jsx-a11y 626ms (cache miss)
184 silly packumentCache corgi:https://registry.npmjs.org/eslint-plugin-jsx-a11y set size:undefined disposed:false
185 http fetch GET 200 https://registry.npmjs.org/fork-ts-checker-webpack-plugin 649ms (cache miss)
186 silly packumentCache corgi:https://registry.npmjs.org/fork-ts-checker-webpack-plugin set size:undefined disposed:false
187 http fetch GET 200 https://registry.npmjs.org/eslint-plugin-react 691ms (cache miss)
188 silly packumentCache corgi:https://registry.npmjs.org/eslint-plugin-react set size:undefined disposed:false
189 http fetch GET 200 https://registry.npmjs.org/eslint 954ms (cache miss)
190 silly packumentCache corgi:https://registry.npmjs.org/eslint set size:undefined disposed:false
191 silly packumentCache corgi:https://registry.npmjs.org/bfj cache-miss
192 http fetch GET 200 https://registry.npmjs.org/bfj 76ms (cache miss)
193 silly packumentCache corgi:https://registry.npmjs.org/bfj set size:undefined disposed:false
194 silly packumentCache corgi:https://registry.npmjs.org/css-select cache-miss
195 http fetch GET 200 https://registry.npmjs.org/dom-accessibility-api/-/dom-accessibility-api-0.5.16.tgz 2285ms (cache miss)
196 http fetch GET 200 https://registry.npmjs.org/css-select 89ms (cache miss)
197 silly packumentCache corgi:https://registry.npmjs.org/css-select set size:undefined disposed:false
198 silly packumentCache corgi:https://registry.npmjs.org/resolve-url-loader cache-miss
199 http fetch GET 200 https://registry.npmjs.org/@testing-library/react/-/react-13.4.0.tgz 2384ms (cache miss)
200 http fetch GET 200 https://registry.npmjs.org/@testing-library/dom/-/dom-8.20.1.tgz 2416ms (cache miss)
201 http fetch GET 200 https://registry.npmjs.org/resolve-url-loader 68ms (cache miss)
202 silly packumentCache corgi:https://registry.npmjs.org/resolve-url-loader set size:undefined disposed:false
203 silly packumentCache corgi:https://registry.npmjs.org/@pmmmwh%2freact-refresh-webpack-plugin cache-miss
204 silly packumentCache corgi:https://registry.npmjs.org/react-scripts cache-miss
205 http fetch GET 200 https://registry.npmjs.org/@pmmmwh%2freact-refresh-webpack-plugin 72ms (cache miss)
206 silly packumentCache corgi:https://registry.npmjs.org/@pmmmwh%2freact-refresh-webpack-plugin set size:undefined disposed:false
207 http fetch GET 200 https://registry.npmjs.org/react-scripts 125ms (cache miss)
208 silly packumentCache corgi:https://registry.npmjs.org/react-scripts set size:undefined disposed:false
209 silly packumentCache corgi:https://registry.npmjs.org/jake cache-miss
210 http fetch GET 200 https://registry.npmjs.org/jake 83ms (cache miss)
211 silly packumentCache corgi:https://registry.npmjs.org/jake set size:undefined disposed:false
212 silly packumentCache corgi:https://registry.npmjs.org/react-dev-utils cache-miss
213 http fetch GET 200 https://registry.npmjs.org/react-dev-utils 54ms (cache miss)
214 silly packumentCache corgi:https://registry.npmjs.org/react-dev-utils set size:undefined disposed:false
215 silly packumentCache corgi:https://registry.npmjs.org/babel-plugin-istanbul cache-miss
216 http fetch GET 200 https://registry.npmjs.org/babel-plugin-istanbul 62ms (cache miss)
217 silly packumentCache corgi:https://registry.npmjs.org/babel-plugin-istanbul set size:undefined disposed:false
218 silly packumentCache corgi:https://registry.npmjs.org/@jest%2freporters cache-miss
219 silly packumentCache corgi:https://registry.npmjs.org/jest-config cache-miss
220 silly packumentCache corgi:https://registry.npmjs.org/jest-runtime cache-miss
221 silly packumentCache corgi:https://registry.npmjs.org/rimraf cache-miss
222 silly packumentCache corgi:https://registry.npmjs.org/workbox-build cache-miss
223 http fetch GET 200 https://registry.npmjs.org/rimraf 131ms (cache miss)
224 silly packumentCache corgi:https://registry.npmjs.org/rimraf set size:undefined disposed:false
225 http fetch GET 200 https://registry.npmjs.org/@jest%2freporters 177ms (cache miss)
226 silly packumentCache corgi:https://registry.npmjs.org/@jest%2freporters set size:undefined disposed:false
227 http fetch GET 200 https://registry.npmjs.org/workbox-build 202ms (cache miss)
228 silly packumentCache corgi:https://registry.npmjs.org/workbox-build set size:undefined disposed:false
229 http fetch GET 200 https://registry.npmjs.org/jest-config 226ms (cache miss)
230 silly packumentCache corgi:https://registry.npmjs.org/jest-config set size:undefined disposed:false
231 http fetch GET 200 https://registry.npmjs.org/jest-runtime 254ms (cache miss)
232 silly packumentCache corgi:https://registry.npmjs.org/jest-runtime set size:undefined disposed:false
233 silly packumentCache corgi:https://registry.npmjs.org/eslint-config-react-app cache-miss
234 http fetch GET 200 https://registry.npmjs.org/eslint-config-react-app 77ms (cache miss)
235 silly packumentCache corgi:https://registry.npmjs.org/eslint-config-react-app set size:undefined disposed:false
236 silly packumentCache corgi:https://registry.npmjs.org/@babel%2feslint-parser cache-miss
237 silly packumentCache corgi:https://registry.npmjs.org/@eslint-community%2feslint-utils cache-miss
238 silly packumentCache corgi:https://registry.npmjs.org/@typescript-eslint%2feslint-plugin cache-miss
239 silly packumentCache corgi:https://registry.npmjs.org/@typescript-eslint%2fexperimental-utils cache-miss
240 silly packumentCache corgi:https://registry.npmjs.org/@typescript-eslint%2fparser cache-miss
241 silly packumentCache corgi:https://registry.npmjs.org/@typescript-eslint%2ftype-utils cache-miss
242 silly packumentCache corgi:https://registry.npmjs.org/@typescript-eslint%2futils cache-miss
243 silly packumentCache corgi:https://registry.npmjs.org/eslint-plugin-flowtype cache-miss
244 silly packumentCache corgi:https://registry.npmjs.org/eslint-plugin-jest cache-miss
245 silly packumentCache corgi:https://registry.npmjs.org/eslint-plugin-react-hooks cache-miss
246 silly packumentCache corgi:https://registry.npmjs.org/eslint-plugin-testing-library cache-miss
247 silly packumentCache corgi:https://registry.npmjs.org/eslint-webpack-plugin cache-miss
248 http fetch GET 200 https://registry.npmjs.org/@eslint-community%2feslint-utils 269ms (cache miss)
249 silly packumentCache corgi:https://registry.npmjs.org/@eslint-community%2feslint-utils set size:undefined disposed:false
250 http fetch GET 200 https://registry.npmjs.org/eslint-webpack-plugin 291ms (cache miss)
251 silly packumentCache corgi:https://registry.npmjs.org/eslint-webpack-plugin set size:undefined disposed:false
252 http fetch GET 200 https://registry.npmjs.org/eslint-plugin-flowtype 360ms (cache miss)
253 silly packumentCache corgi:https://registry.npmjs.org/eslint-plugin-flowtype set size:undefined disposed:false
254 http fetch GET 200 https://registry.npmjs.org/aria-query/-/aria-query-5.1.3.tgz 3991ms (cache miss)
255 http fetch GET 200 https://registry.npmjs.org/eslint-plugin-testing-library 557ms (cache miss)
256 silly packumentCache corgi:https://registry.npmjs.org/eslint-plugin-testing-library set size:undefined disposed:false
257 http fetch GET 200 https://registry.npmjs.org/@babel%2feslint-parser 678ms (cache miss)
258 silly packumentCache corgi:https://registry.npmjs.org/@babel%2feslint-parser set size:undefined disposed:false
259 http fetch GET 200 https://registry.npmjs.org/eslint-plugin-jest 944ms (cache miss)
260 silly packumentCache corgi:https://registry.npmjs.org/eslint-plugin-jest set size:undefined disposed:false
261 http fetch GET 200 https://registry.npmjs.org/eslint-plugin-react-hooks 1038ms (cache miss)
262 silly packumentCache corgi:https://registry.npmjs.org/eslint-plugin-react-hooks set size:undefined disposed:false
263 http fetch GET 200 https://registry.npmjs.org/@typescript-eslint%2futils 1438ms (cache miss)
264 silly packumentCache corgi:https://registry.npmjs.org/@typescript-eslint%2futils set size:undefined disposed:false
265 http fetch GET 200 https://registry.npmjs.org/@typescript-eslint%2ftype-utils 1837ms (cache miss)
266 silly packumentCache corgi:https://registry.npmjs.org/@typescript-eslint%2ftype-utils set size:undefined disposed:false
267 http fetch GET 200 https://registry.npmjs.org/@typescript-eslint%2fexperimental-utils 2127ms (cache miss)
268 silly packumentCache corgi:https://registry.npmjs.org/@typescript-eslint%2fexperimental-utils set size:undefined disposed:false
269 http fetch GET 200 https://registry.npmjs.org/@typescript-eslint%2fparser 2393ms (cache miss)
270 silly packumentCache corgi:https://registry.npmjs.org/@typescript-eslint%2fparser set size:undefined disposed:false
271 http fetch GET 200 https://registry.npmjs.org/@typescript-eslint%2feslint-plugin 3094ms (cache miss)
272 silly packumentCache corgi:https://registry.npmjs.org/@typescript-eslint%2feslint-plugin set size:undefined disposed:false
273 silly packumentCache corgi:https://registry.npmjs.org/svgo cache-miss
274 http fetch GET 200 https://registry.npmjs.org/svgo 59ms (cache miss)
275 silly packumentCache corgi:https://registry.npmjs.org/svgo set size:undefined disposed:false
276 silly packumentCache corgi:https://registry.npmjs.org/ejs cache-miss
277 http fetch GET 200 https://registry.npmjs.org/ejs 68ms (cache miss)
278 silly packumentCache corgi:https://registry.npmjs.org/ejs set size:undefined disposed:false
279 silly packumentCache corgi:https://registry.npmjs.org/@jest%2ftransform cache-miss
280 silly packumentCache corgi:https://registry.npmjs.org/babel-jest cache-miss
281 http fetch GET 200 https://registry.npmjs.org/babel-jest 101ms (cache miss)
282 silly packumentCache corgi:https://registry.npmjs.org/babel-jest set size:undefined disposed:false
283 http fetch GET 200 https://registry.npmjs.org/@jest%2ftransform 125ms (cache miss)
284 silly packumentCache corgi:https://registry.npmjs.org/@jest%2ftransform set size:undefined disposed:false
285 silly packumentCache corgi:https://registry.npmjs.org/@jest%2fcore cache-miss
286 silly packumentCache corgi:https://registry.npmjs.org/flat-cache cache-miss
287 http fetch GET 200 https://registry.npmjs.org/flat-cache 102ms (cache miss)
288 silly packumentCache corgi:https://registry.npmjs.org/flat-cache set size:undefined disposed:false
289 http fetch GET 200 https://registry.npmjs.org/@jest%2fcore 126ms (cache miss)
290 silly packumentCache corgi:https://registry.npmjs.org/@jest%2fcore set size:undefined disposed:false
291 silly packumentCache corgi:https://registry.npmjs.org/workbox-webpack-plugin cache-miss
292 http fetch GET 200 https://registry.npmjs.org/workbox-webpack-plugin 75ms (cache miss)
293 silly packumentCache corgi:https://registry.npmjs.org/workbox-webpack-plugin set size:undefined disposed:false
294 silly packumentCache corgi:https://registry.npmjs.org/jest-cli cache-miss
295 http fetch GET 200 https://registry.npmjs.org/jest-cli 176ms (cache miss)
296 silly packumentCache corgi:https://registry.npmjs.org/jest-cli set size:undefined disposed:false
297 silly packumentCache corgi:https://registry.npmjs.org/@jest%2ftest-sequencer cache-miss
298 silly packumentCache corgi:https://registry.npmjs.org/jest-circus cache-miss
299 silly packumentCache corgi:https://registry.npmjs.org/jest-jasmine2 cache-miss
300 silly packumentCache corgi:https://registry.npmjs.org/jest-runner cache-miss
301 http fetch GET 200 https://registry.npmjs.org/jest-circus 257ms (cache miss)
302 silly packumentCache corgi:https://registry.npmjs.org/jest-circus set size:undefined disposed:false
303 http fetch GET 200 https://registry.npmjs.org/@jest%2ftest-sequencer 289ms (cache miss)
304 silly packumentCache corgi:https://registry.npmjs.org/@jest%2ftest-sequencer set size:undefined disposed:false
305 http fetch GET 200 https://registry.npmjs.org/jest-runner 297ms (cache miss)
306 silly packumentCache corgi:https://registry.npmjs.org/jest-runner set size:undefined disposed:false
307 http fetch GET 200 https://registry.npmjs.org/typescript/-/typescript-4.9.5.tgz 8890ms (cache miss)
308 http fetch GET 200 https://registry.npmjs.org/jest-jasmine2 2719ms (cache miss)
309 silly packumentCache corgi:https://registry.npmjs.org/jest-jasmine2 set size:undefined disposed:false
310 silly packumentCache corgi:https://registry.npmjs.org/@svgr%2fplugin-svgo cache-miss
311 http fetch GET 200 https://registry.npmjs.org/@svgr%2fplugin-svgo 57ms (cache miss)
312 silly packumentCache corgi:https://registry.npmjs.org/@svgr%2fplugin-svgo set size:undefined disposed:false
313 silly packumentCache corgi:https://registry.npmjs.org/@surma%2frollup-plugin-off-main-thread cache-miss
314 http fetch GET 200 https://registry.npmjs.org/@surma%2frollup-plugin-off-main-thread 90ms (cache miss)
315 silly packumentCache corgi:https://registry.npmjs.org/@surma%2frollup-plugin-off-main-thread set size:undefined disposed:false
316 silly packumentCache corgi:https://registry.npmjs.org/jest-snapshot cache-miss
317 http fetch GET 200 https://registry.npmjs.org/jest-snapshot 238ms (cache miss)
318 silly packumentCache corgi:https://registry.npmjs.org/jest-snapshot set size:undefined disposed:false
319 silly packumentCache corgi:https://registry.npmjs.org/file-entry-cache cache-miss
320 http fetch GET 200 https://registry.npmjs.org/file-entry-cache 53ms (cache miss)
321 silly packumentCache corgi:https://registry.npmjs.org/file-entry-cache set size:undefined disposed:false
322 silly packumentCache corgi:https://registry.npmjs.org/jest cache-miss
323 http fetch GET 200 https://registry.npmjs.org/jest 252ms (cache miss)
324 silly packumentCache corgi:https://registry.npmjs.org/jest set size:undefined disposed:false
325 silly packumentCache corgi:https://registry.npmjs.org/@svgr%2fwebpack cache-miss
326 http fetch GET 200 https://registry.npmjs.org/@svgr%2fwebpack 58ms (cache miss)
327 silly packumentCache corgi:https://registry.npmjs.org/@svgr%2fwebpack set size:undefined disposed:false
328 silly packumentCache corgi:https://registry.npmjs.org/jest-resolve-dependencies cache-miss
329 http fetch GET 200 https://registry.npmjs.org/jest-resolve-dependencies 338ms (cache miss)
330 silly packumentCache corgi:https://registry.npmjs.org/jest-resolve-dependencies set size:undefined disposed:false
331 silly packumentCache corgi:https://registry.npmjs.org/jest-watch-typeahead cache-miss
332 http fetch GET 200 https://registry.npmjs.org/jest-watch-typeahead 91ms (cache miss)
333 silly packumentCache corgi:https://registry.npmjs.org/jest-watch-typeahead set size:undefined disposed:false
334 silly ADD node_modules/object-is
335 silly ADD node_modules/is-arguments
336 silly ADD node_modules/es-get-iterator
337 silly ADD node_modules/deep-equal
338 silly ADD node_modules/csstype
339 silly ADD node_modules/@types/prop-types
340 silly ADD node_modules/lz-string
341 silly ADD node_modules/dom-accessibility-api
342 silly ADD node_modules/@types/aria-query
343 silly ADD node_modules/@types/react
344 silly ADD node_modules/@types/react-dom
345 silly ADD node_modules/@testing-library/dom
346 silly ADD node_modules/@testing-library/dom/node_modules/aria-query
347 silly ADD node_modules/@testing-library/react
348 silly CHANGE node_modules/typescript
349 silly REMOVE node_modules/tailwindcss/node_modules/yaml
350 verbose cwd D:\gh-actions-course
351 verbose os Windows_NT 10.0.26200
352 verbose node v24.13.1
353 verbose npm  v11.8.0
354 verbose exit 0
355 info ok
