0 verbose cli C:\Program Files\nodejs\node.exe C:\Program Files\nodejs\node_modules\npm\bin\npm-cli.js
1 info using npm@11.8.0
2 info using node@v24.13.1
3 silly config load:file:C:\Program Files\nodejs\node_modules\npm\npmrc
4 silly config load:file:D:\gh-actions-course\04-using-actions\.npmrc
5 silly config load:file:C:\Users\ADMIN\.npmrc
6 silly config load:file:C:\Users\ADMIN\AppData\Roaming\npm\etc\npmrc
7 verbose title npm exec create-react-app --template typescript react-app
8 verbose argv "exec" "--" "create-react-app" "--template" "typescript" "react-app"
9 verbose logfile logs-max:10 dir:D:\gh-actions-course\04-using-actions\npm-cache\_logs\2026-02-22T13_39_22_991Z-
10 verbose logfile D:\gh-actions-course\04-using-actions\npm-cache\_logs\2026-02-22T13_39_22_991Z-debug-0.log
11 silly logfile done cleaning log files
12 silly packumentCache heap:2348810240 maxSize:587202560 maxEntrySize:293601280
13 http fetch GET 200 https://registry.npmjs.org/npm 432ms
14 http fetch GET 200 https://registry.npmjs.org/create-react-app 763ms (cache miss)
15 silly packumentCache heap:2348810240 maxSize:587202560 maxEntrySize:293601280
16 silly packumentCache heap:2348810240 maxSize:587202560 maxEntrySize:293601280
17 silly idealTree buildDeps
18 silly fetch manifest create-react-app@5.1.0
19 silly packumentCache full:https://registry.npmjs.org/create-react-app cache-miss
20 http fetch GET 200 https://registry.npmjs.org/create-react-app 446ms (cache miss)
21 silly packumentCache full:https://registry.npmjs.org/create-react-app set size:undefined disposed:false
22 silly placeDep ROOT create-react-app@5.1.0 OK for:  want: 5.1.0
23 silly fetch manifest tmp@^0.2.1
24 silly packumentCache full:https://registry.npmjs.org/tmp cache-miss
25 silly fetch manifest chalk@^4.1.2
26 silly packumentCache full:https://registry.npmjs.org/chalk cache-miss
27 silly fetch manifest semver@^7.3.5
28 silly packumentCache full:https://registry.npmjs.org/semver cache-miss
29 silly fetch manifest envinfo@^7.8.1
30 silly packumentCache full:https://registry.npmjs.org/envinfo cache-miss
31 silly fetch manifest prompts@^2.4.2
32 silly packumentCache full:https://registry.npmjs.org/prompts cache-miss
33 silly fetch manifest fs-extra@^10.0.0
34 silly packumentCache full:https://registry.npmjs.org/fs-extra cache-miss
35 silly fetch manifest tar-pack@^3.4.1
36 silly packumentCache full:https://registry.npmjs.org/tar-pack cache-miss
37 http fetch GET 200 https://registry.npmjs.org/tmp 88ms (cache miss)
38 silly packumentCache full:https://registry.npmjs.org/tmp set size:undefined disposed:false
39 silly fetch manifest commander@^4.1.1
40 silly packumentCache full:https://registry.npmjs.org/commander cache-miss
41 http fetch GET 200 https://registry.npmjs.org/chalk 89ms (cache miss)
42 silly packumentCache full:https://registry.npmjs.org/chalk set size:undefined disposed:false
43 silly fetch manifest hyperquest@^2.1.3
44 silly packumentCache full:https://registry.npmjs.org/hyperquest cache-miss
45 http fetch GET 200 https://registry.npmjs.org/commander 93ms (cache miss)
46 silly packumentCache full:https://registry.npmjs.org/commander set size:undefined disposed:false
47 silly fetch manifest cross-spawn@^7.0.3
48 silly packumentCache full:https://registry.npmjs.org/cross-spawn cache-miss
49 http fetch GET 200 https://registry.npmjs.org/semver 290ms (cache miss)
50 silly packumentCache full:https://registry.npmjs.org/semver set size:undefined disposed:false
51 silly fetch manifest validate-npm-package-name@^3.0.0
52 silly packumentCache full:https://registry.npmjs.org/validate-npm-package-name cache-miss
53 http fetch GET 200 https://registry.npmjs.org/cross-spawn 126ms (cache miss)
54 silly packumentCache full:https://registry.npmjs.org/cross-spawn set size:undefined disposed:false
55 http fetch GET 200 https://registry.npmjs.org/fs-extra 331ms (cache miss)
56 silly packumentCache full:https://registry.npmjs.org/fs-extra set size:undefined disposed:false
57 http fetch GET 200 https://registry.npmjs.org/prompts 351ms (cache miss)
58 silly packumentCache full:https://registry.npmjs.org/prompts set size:undefined disposed:false
59 http fetch GET 200 https://registry.npmjs.org/envinfo 358ms (cache miss)
60 silly packumentCache full:https://registry.npmjs.org/envinfo set size:undefined disposed:false
61 http fetch GET 200 https://registry.npmjs.org/validate-npm-package-name 75ms (cache miss)
62 silly packumentCache full:https://registry.npmjs.org/validate-npm-package-name set size:undefined disposed:false
63 http fetch GET 200 https://registry.npmjs.org/tar-pack 585ms (cache miss)
64 silly packumentCache full:https://registry.npmjs.org/tar-pack set size:undefined disposed:false
65 http fetch GET 200 https://registry.npmjs.org/hyperquest 638ms (cache miss)
66 silly packumentCache full:https://registry.npmjs.org/hyperquest set size:undefined disposed:false
67 silly placeDep ROOT chalk@4.1.2 OK for: create-react-app@5.1.0 want: ^4.1.2
68 silly placeDep ROOT commander@4.1.1 OK for: create-react-app@5.1.0 want: ^4.1.1
69 silly placeDep ROOT cross-spawn@7.0.6 OK for: create-react-app@5.1.0 want: ^7.0.3
70 silly placeDep ROOT envinfo@7.21.0 OK for: create-react-app@5.1.0 want: ^7.8.1
71 silly placeDep ROOT fs-extra@10.1.0 OK for: create-react-app@5.1.0 want: ^10.0.0
72 silly placeDep ROOT hyperquest@2.1.3 OK for: create-react-app@5.1.0 want: ^2.1.3
73 silly placeDep ROOT prompts@2.4.2 OK for: create-react-app@5.1.0 want: ^2.4.2
74 silly placeDep ROOT semver@7.7.4 OK for: create-react-app@5.1.0 want: ^7.3.5
75 silly placeDep ROOT tar-pack@3.4.1 OK for: create-react-app@5.1.0 want: ^3.4.1
76 silly placeDep ROOT tmp@0.2.5 OK for: create-react-app@5.1.0 want: ^0.2.1
77 silly placeDep ROOT validate-npm-package-name@3.0.0 OK for: create-react-app@5.1.0 want: ^3.0.0
78 silly fetch manifest ansi-styles@^4.1.0
79 silly packumentCache full:https://registry.npmjs.org/ansi-styles cache-miss
80 silly fetch manifest supports-color@^7.1.0
81 silly packumentCache full:https://registry.npmjs.org/supports-color cache-miss
82 silly fetch manifest which@^2.0.1
83 silly packumentCache full:https://registry.npmjs.org/which cache-miss
84 silly fetch manifest path-key@^3.1.0
85 silly packumentCache full:https://registry.npmjs.org/path-key cache-miss
86 silly fetch manifest shebang-command@^2.0.0
87 silly packumentCache full:https://registry.npmjs.org/shebang-command cache-miss
88 silly fetch manifest jsonfile@^6.0.1
89 silly packumentCache full:https://registry.npmjs.org/jsonfile cache-miss
90 silly fetch manifest graceful-fs@^4.2.0
91 silly packumentCache full:https://registry.npmjs.org/graceful-fs cache-miss
92 http fetch GET 200 https://registry.npmjs.org/path-key 190ms (cache miss)
93 silly packumentCache full:https://registry.npmjs.org/path-key set size:undefined disposed:false
94 silly fetch manifest universalify@^2.0.0
95 silly packumentCache full:https://registry.npmjs.org/universalify cache-miss
96 http fetch GET 200 https://registry.npmjs.org/shebang-command 201ms (cache miss)
97 silly packumentCache full:https://registry.npmjs.org/shebang-command set size:undefined disposed:false
98 silly fetch manifest buffer-from@^0.1.1
99 silly packumentCache full:https://registry.npmjs.org/buffer-from cache-miss
100 http fetch GET 200 https://registry.npmjs.org/ansi-styles 221ms (cache miss)
101 silly packumentCache full:https://registry.npmjs.org/ansi-styles set size:undefined disposed:false
102 silly fetch manifest duplexer2@~0.0.2
103 silly packumentCache full:https://registry.npmjs.org/duplexer2 cache-miss
104 http fetch GET 200 https://registry.npmjs.org/jsonfile 232ms (cache miss)
105 silly packumentCache full:https://registry.npmjs.org/jsonfile set size:undefined disposed:false
106 silly fetch manifest through2@~0.6.3
107 silly packumentCache full:https://registry.npmjs.org/through2 cache-miss
108 http fetch GET 200 https://registry.npmjs.org/graceful-fs 234ms (cache miss)
109 silly packumentCache full:https://registry.npmjs.org/graceful-fs set size:undefined disposed:false
110 silly fetch manifest kleur@^3.0.3
111 silly packumentCache full:https://registry.npmjs.org/kleur cache-miss
112 http fetch GET 200 https://registry.npmjs.org/supports-color 246ms (cache miss)
113 silly packumentCache full:https://registry.npmjs.org/supports-color set size:undefined disposed:false
114 silly fetch manifest sisteransi@^1.0.5
115 silly packumentCache full:https://registry.npmjs.org/sisteransi cache-miss
116 http fetch GET 200 https://registry.npmjs.org/which 257ms (cache miss)
117 silly packumentCache full:https://registry.npmjs.org/which set size:undefined disposed:false
118 silly fetch manifest debug@^2.2.0
119 silly packumentCache full:https://registry.npmjs.org/debug cache-miss
120 http fetch GET 200 https://registry.npmjs.org/universalify 74ms (cache miss)
121 silly packumentCache full:https://registry.npmjs.org/universalify set size:undefined disposed:false
122 silly fetch manifest fstream@^1.0.10
123 silly packumentCache full:https://registry.npmjs.org/fstream cache-miss
124 http fetch GET 200 https://registry.npmjs.org/buffer-from 65ms (cache miss)
125 silly packumentCache full:https://registry.npmjs.org/buffer-from set size:undefined disposed:false
126 silly fetch manifest fstream-ignore@^1.0.5
127 silly packumentCache full:https://registry.npmjs.org/fstream-ignore cache-miss
128 http fetch GET 200 https://registry.npmjs.org/sisteransi 94ms (cache miss)
129 silly packumentCache full:https://registry.npmjs.org/sisteransi set size:undefined disposed:false
130 silly fetch manifest once@^1.3.3
131 silly packumentCache full:https://registry.npmjs.org/once cache-miss
132 http fetch GET 200 https://registry.npmjs.org/duplexer2 123ms (cache miss)
133 silly packumentCache full:https://registry.npmjs.org/duplexer2 set size:undefined disposed:false
134 silly fetch manifest readable-stream@^2.1.4
135 silly packumentCache full:https://registry.npmjs.org/readable-stream cache-miss
136 http fetch GET 200 https://registry.npmjs.org/through2 123ms (cache miss)
137 silly packumentCache full:https://registry.npmjs.org/through2 set size:undefined disposed:false
138 silly fetch manifest rimraf@^2.5.1
139 silly packumentCache full:https://registry.npmjs.org/rimraf cache-miss
140 http fetch GET 200 https://registry.npmjs.org/kleur 128ms (cache miss)
141 silly packumentCache full:https://registry.npmjs.org/kleur set size:undefined disposed:false
142 silly fetch manifest tar@^2.2.1
143 silly packumentCache full:https://registry.npmjs.org/tar cache-miss
144 http fetch GET 200 https://registry.npmjs.org/fstream 110ms (cache miss)
145 silly packumentCache full:https://registry.npmjs.org/fstream set size:undefined disposed:false
146 silly fetch manifest uid-number@^0.0.6
147 silly packumentCache full:https://registry.npmjs.org/uid-number cache-miss
148 http fetch GET 200 https://registry.npmjs.org/once 48ms (cache miss)
149 silly packumentCache full:https://registry.npmjs.org/once set size:undefined disposed:false
150 silly fetch manifest builtins@^1.0.3
151 silly packumentCache full:https://registry.npmjs.org/builtins cache-miss
152 http fetch GET 200 https://registry.npmjs.org/readable-stream 138ms (cache miss)
153 silly packumentCache full:https://registry.npmjs.org/readable-stream set size:undefined disposed:false
154 http fetch GET 200 https://registry.npmjs.org/tar 162ms (cache miss)
155 silly packumentCache full:https://registry.npmjs.org/tar set size:undefined disposed:false
156 http fetch GET 200 https://registry.npmjs.org/fstream-ignore 494ms (cache miss)
157 silly packumentCache full:https://registry.npmjs.org/fstream-ignore set size:undefined disposed:false
158 http fetch GET 200 https://registry.npmjs.org/debug 511ms (cache miss)
159 silly packumentCache full:https://registry.npmjs.org/debug set size:undefined disposed:false
160 http fetch GET 200 https://registry.npmjs.org/uid-number 414ms (cache miss)
161 silly packumentCache full:https://registry.npmjs.org/uid-number set size:undefined disposed:false
162 http fetch GET 200 https://registry.npmjs.org/builtins 410ms (cache miss)
163 silly packumentCache full:https://registry.npmjs.org/builtins set size:undefined disposed:false
164 http fetch GET 200 https://registry.npmjs.org/rimraf 565ms (cache miss)
165 silly packumentCache full:https://registry.npmjs.org/rimraf set size:undefined disposed:false
166 silly placeDep ROOT ansi-styles@4.3.0 OK for: chalk@4.1.2 want: ^4.1.0
167 silly placeDep ROOT supports-color@7.2.0 OK for: chalk@4.1.2 want: ^7.1.0
168 silly fetch manifest color-convert@^2.0.1
169 silly packumentCache full:https://registry.npmjs.org/color-convert cache-miss
170 silly fetch manifest has-flag@^4.0.0
171 silly packumentCache full:https://registry.npmjs.org/has-flag cache-miss
172 http fetch GET 200 https://registry.npmjs.org/has-flag 63ms (cache miss)
173 silly packumentCache full:https://registry.npmjs.org/has-flag set size:undefined disposed:false
174 http fetch GET 200 https://registry.npmjs.org/color-convert 74ms (cache miss)
175 silly packumentCache full:https://registry.npmjs.org/color-convert set size:undefined disposed:false
176 silly placeDep ROOT color-convert@2.0.1 OK for: ansi-styles@4.3.0 want: ^2.0.1
177 silly fetch manifest color-name@~1.1.4
178 silly packumentCache full:https://registry.npmjs.org/color-name cache-miss
179 http fetch GET 200 https://registry.npmjs.org/color-name 56ms (cache miss)
180 silly packumentCache full:https://registry.npmjs.org/color-name set size:undefined disposed:false
181 silly placeDep ROOT color-name@1.1.4 OK for: color-convert@2.0.1 want: ~1.1.4
182 silly placeDep ROOT path-key@3.1.1 OK for: cross-spawn@7.0.6 want: ^3.1.0
183 silly placeDep ROOT shebang-command@2.0.0 OK for: cross-spawn@7.0.6 want: ^2.0.0
184 silly placeDep ROOT which@2.0.2 OK for: cross-spawn@7.0.6 want: ^2.0.1
185 silly fetch manifest shebang-regex@^3.0.0
186 silly packumentCache full:https://registry.npmjs.org/shebang-regex cache-miss
187 silly fetch manifest isexe@^2.0.0
188 silly packumentCache full:https://registry.npmjs.org/isexe cache-miss
189 http fetch GET 200 https://registry.npmjs.org/shebang-regex 99ms (cache miss)
190 silly packumentCache full:https://registry.npmjs.org/shebang-regex set size:undefined disposed:false
191 http fetch GET 200 https://registry.npmjs.org/isexe 102ms (cache miss)
192 silly packumentCache full:https://registry.npmjs.org/isexe set size:undefined disposed:false
193 silly placeDep ROOT graceful-fs@4.2.11 OK for: fs-extra@10.1.0 want: ^4.2.0
194 silly placeDep ROOT jsonfile@6.2.0 OK for: fs-extra@10.1.0 want: ^6.0.1
195 silly placeDep ROOT universalify@2.0.1 OK for: fs-extra@10.1.0 want: ^2.0.0
196 silly placeDep ROOT buffer-from@0.1.2 OK for: hyperquest@2.1.3 want: ^0.1.1
197 silly placeDep ROOT duplexer2@0.0.2 OK for: hyperquest@2.1.3 want: ~0.0.2
198 silly placeDep ROOT through2@0.6.5 OK for: hyperquest@2.1.3 want: ~0.6.3
199 silly fetch manifest readable-stream@~1.1.9
200 silly packumentCache full:https://registry.npmjs.org/readable-stream cache-miss
201 silly fetch manifest readable-stream@>=1.0.33-1 <1.1.0-0
202 silly packumentCache full:https://registry.npmjs.org/readable-stream cache-miss
203 silly fetch manifest xtend@>=4.0.0 <4.1.0-0
204 silly packumentCache full:https://registry.npmjs.org/xtend cache-miss
205 http cache https://registry.npmjs.org/readable-stream 47ms (cache hit)
206 silly packumentCache full:https://registry.npmjs.org/readable-stream set size:261096 disposed:false
207 http cache https://registry.npmjs.org/readable-stream 59ms (cache hit)
208 silly packumentCache full:https://registry.npmjs.org/readable-stream set size:261096 disposed:false
209 silly packumentCache full:https://registry.npmjs.org/readable-stream dispose
210 http fetch GET 200 https://registry.npmjs.org/xtend 72ms (cache miss)
211 silly packumentCache full:https://registry.npmjs.org/xtend set size:undefined disposed:false
212 silly placeDep ROOT readable-stream@1.1.14 OK for: duplexer2@0.0.2 want: ~1.1.9
213 silly fetch manifest isarray@0.0.1
214 silly packumentCache full:https://registry.npmjs.org/isarray cache-miss
215 silly fetch manifest inherits@~2.0.1
216 silly packumentCache full:https://registry.npmjs.org/inherits cache-miss
217 silly fetch manifest core-util-is@~1.0.0
218 silly packumentCache full:https://registry.npmjs.org/core-util-is cache-miss
219 silly fetch manifest string_decoder@~0.10.x
220 silly packumentCache full:https://registry.npmjs.org/string_decoder cache-miss
221 http fetch GET 200 https://registry.npmjs.org/core-util-is 71ms (cache miss)
222 silly packumentCache full:https://registry.npmjs.org/core-util-is set size:undefined disposed:false
223 http fetch GET 200 https://registry.npmjs.org/inherits 75ms (cache miss)
224 silly packumentCache full:https://registry.npmjs.org/inherits set size:undefined disposed:false
225 http fetch GET 200 https://registry.npmjs.org/isarray 93ms (cache miss)
226 silly packumentCache full:https://registry.npmjs.org/isarray set size:undefined disposed:false
227 http fetch GET 200 https://registry.npmjs.org/string_decoder 94ms (cache miss)
228 silly packumentCache full:https://registry.npmjs.org/string_decoder set size:undefined disposed:false
229 silly placeDep ROOT kleur@3.0.3 OK for: prompts@2.4.2 want: ^3.0.3
230 silly placeDep ROOT sisteransi@1.0.5 OK for: prompts@2.4.2 want: ^1.0.5
231 silly placeDep ROOT core-util-is@1.0.3 OK for: readable-stream@1.1.14 want: ~1.0.0
232 silly placeDep ROOT inherits@2.0.4 OK for: readable-stream@1.1.14 want: ~2.0.1
233 silly placeDep ROOT isarray@0.0.1 OK for: readable-stream@1.1.14 want: 0.0.1
234 silly placeDep ROOT string_decoder@0.10.31 OK for: readable-stream@1.1.14 want: ~0.10.x
235 silly placeDep ROOT shebang-regex@3.0.0 OK for: shebang-command@2.0.0 want: ^3.0.0
236 silly placeDep ROOT has-flag@4.0.0 OK for: supports-color@7.2.0 want: ^4.0.0
237 silly placeDep ROOT debug@2.6.9 OK for: tar-pack@3.4.1 want: ^2.2.0
238 silly placeDep ROOT fstream@1.0.12 OK for: tar-pack@3.4.1 want: ^1.0.10
239 silly placeDep ROOT fstream-ignore@1.0.5 OK for: tar-pack@3.4.1 want: ^1.0.5
240 silly placeDep ROOT once@1.4.0 OK for: tar-pack@3.4.1 want: ^1.3.3
241 silly placeDep node_modules/tar-pack readable-stream@2.3.8 OK for: tar-pack@3.4.1 want: ^2.1.4
242 silly placeDep ROOT rimraf@2.7.1 OK for: tar-pack@3.4.1 want: ^2.5.1
243 silly placeDep ROOT tar@2.2.2 OK for: tar-pack@3.4.1 want: ^2.2.1
244 silly placeDep ROOT uid-number@0.0.6 OK for: tar-pack@3.4.1 want: ^0.0.6
245 silly fetch manifest ms@2.0.0
246 silly packumentCache full:https://registry.npmjs.org/ms cache-miss
247 silly fetch manifest mkdirp@>=0.5 0
248 silly packumentCache full:https://registry.npmjs.org/mkdirp cache-miss
249 silly fetch manifest rimraf@2
250 silly packumentCache full:https://registry.npmjs.org/rimraf cache-miss
251 silly fetch manifest minimatch@^3.0.0
252 silly packumentCache full:https://registry.npmjs.org/minimatch cache-miss
253 silly fetch manifest wrappy@1
254 silly packumentCache full:https://registry.npmjs.org/wrappy cache-miss
255 silly fetch manifest isarray@~1.0.0
256 silly packumentCache full:https://registry.npmjs.org/isarray cache-miss
257 silly fetch manifest safe-buffer@~5.1.1
258 silly packumentCache full:https://registry.npmjs.org/safe-buffer cache-miss
259 http cache https://registry.npmjs.org/isarray 20ms (cache hit)
260 silly packumentCache full:https://registry.npmjs.org/isarray set size:17392 disposed:false
261 silly fetch manifest string_decoder@~1.1.1
262 silly packumentCache full:https://registry.npmjs.org/string_decoder cache-miss
263 http cache https://registry.npmjs.org/rimraf 29ms (cache hit)
264 silly packumentCache full:https://registry.npmjs.org/rimraf set size:212644 disposed:false
265 silly fetch manifest util-deprecate@~1.0.1
266 silly packumentCache full:https://registry.npmjs.org/util-deprecate cache-miss
267 http cache https://registry.npmjs.org/string_decoder 52ms (cache hit)
268 silly packumentCache full:https://registry.npmjs.org/string_decoder set size:28441 disposed:false
269 silly fetch manifest process-nextick-args@~2.0.0
270 silly packumentCache full:https://registry.npmjs.org/process-nextick-args cache-miss
271 http fetch GET 200 https://registry.npmjs.org/ms 95ms (cache miss)
272 silly packumentCache full:https://registry.npmjs.org/ms set size:undefined disposed:false
273 silly fetch manifest glob@^7.1.3
274 silly packumentCache full:https://registry.npmjs.org/glob cache-miss
275 http fetch GET 200 https://registry.npmjs.org/mkdirp 101ms (cache miss)
276 silly packumentCache full:https://registry.npmjs.org/mkdirp set size:undefined disposed:false
277 silly fetch manifest block-stream@*
278 silly packumentCache full:https://registry.npmjs.org/block-stream cache-miss
279 http fetch GET 200 https://registry.npmjs.org/safe-buffer 116ms (cache miss)
280 silly packumentCache full:https://registry.npmjs.org/safe-buffer set size:undefined disposed:false
281 http fetch GET 200 https://registry.npmjs.org/wrappy 125ms (cache miss)
282 silly packumentCache full:https://registry.npmjs.org/wrappy set size:undefined disposed:false
283 http fetch GET 200 https://registry.npmjs.org/util-deprecate 99ms (cache miss)
284 silly packumentCache full:https://registry.npmjs.org/util-deprecate set size:undefined disposed:false
285 http fetch GET 200 https://registry.npmjs.org/minimatch 137ms (cache miss)
286 silly packumentCache full:https://registry.npmjs.org/minimatch set size:undefined disposed:false
287 http fetch GET 200 https://registry.npmjs.org/process-nextick-args 91ms (cache miss)
288 silly packumentCache full:https://registry.npmjs.org/process-nextick-args set size:undefined disposed:false
289 http fetch GET 200 https://registry.npmjs.org/glob 125ms (cache miss)
290 silly packumentCache full:https://registry.npmjs.org/glob set size:undefined disposed:false
291 http fetch GET 200 https://registry.npmjs.org/block-stream 460ms (cache miss)
292 silly packumentCache full:https://registry.npmjs.org/block-stream set size:undefined disposed:false
293 silly placeDep ROOT ms@2.0.0 OK for: debug@2.6.9 want: 2.0.0
294 silly placeDep ROOT mkdirp@0.5.6 OK for: fstream@1.0.12 want: >=0.5 0
295 silly fetch manifest minimist@^1.2.6
296 silly packumentCache full:https://registry.npmjs.org/minimist cache-miss
297 http fetch GET 200 https://registry.npmjs.org/minimist 64ms (cache miss)
298 silly packumentCache full:https://registry.npmjs.org/minimist set size:undefined disposed:false
299 silly placeDep ROOT minimatch@3.1.3 OK for: fstream-ignore@1.0.5 want: ^3.0.0
300 silly fetch manifest brace-expansion@^1.1.7
301 silly packumentCache full:https://registry.npmjs.org/brace-expansion cache-miss
302 http fetch GET 200 https://registry.npmjs.org/brace-expansion 337ms (cache miss)
303 silly packumentCache full:https://registry.npmjs.org/brace-expansion set size:undefined disposed:false
304 silly placeDep ROOT brace-expansion@1.1.12 OK for: minimatch@3.1.3 want: ^1.1.7
305 silly fetch manifest concat-map@0.0.1
306 silly packumentCache full:https://registry.npmjs.org/concat-map cache-miss
307 silly fetch manifest balanced-match@^1.0.0
308 silly packumentCache full:https://registry.npmjs.org/balanced-match cache-miss
309 http fetch GET 200 https://registry.npmjs.org/concat-map 257ms (cache miss)
310 silly packumentCache full:https://registry.npmjs.org/concat-map set size:undefined disposed:false
311 http fetch GET 200 https://registry.npmjs.org/balanced-match 259ms (cache miss)
312 silly packumentCache full:https://registry.npmjs.org/balanced-match set size:undefined disposed:false
313 silly placeDep ROOT balanced-match@1.0.2 OK for: brace-expansion@1.1.12 want: ^1.0.0
314 silly placeDep ROOT concat-map@0.0.1 OK for: brace-expansion@1.1.12 want: 0.0.1
315 silly placeDep ROOT minimist@1.2.8 OK for: mkdirp@0.5.6 want: ^1.2.6
316 silly placeDep ROOT wrappy@1.0.2 OK for: once@1.4.0 want: 1
317 silly placeDep ROOT glob@7.2.3 OK for: rimraf@2.7.1 want: ^7.1.3
318 silly fetch manifest inflight@^1.0.4
319 silly packumentCache full:https://registry.npmjs.org/inflight cache-miss
320 silly fetch manifest fs.realpath@^1.0.0
321 silly packumentCache full:https://registry.npmjs.org/fs.realpath cache-miss
322 silly fetch manifest path-is-absolute@^1.0.0
323 silly packumentCache full:https://registry.npmjs.org/path-is-absolute cache-miss
324 http fetch GET 200 https://registry.npmjs.org/path-is-absolute 166ms (cache miss)
325 silly packumentCache full:https://registry.npmjs.org/path-is-absolute set size:undefined disposed:false
326 http fetch GET 200 https://registry.npmjs.org/fs.realpath 171ms (cache miss)
327 silly packumentCache full:https://registry.npmjs.org/fs.realpath set size:undefined disposed:false
328 http fetch GET 200 https://registry.npmjs.org/inflight 180ms (cache miss)
329 silly packumentCache full:https://registry.npmjs.org/inflight set size:undefined disposed:false
330 silly placeDep ROOT fs.realpath@1.0.0 OK for: glob@7.2.3 want: ^1.0.0
331 silly placeDep ROOT inflight@1.0.6 OK for: glob@7.2.3 want: ^1.0.4
332 silly placeDep ROOT path-is-absolute@1.0.1 OK for: glob@7.2.3 want: ^1.0.0
333 silly placeDep ROOT block-stream@0.0.9 OK for: tar@2.2.2 want: *
334 silly placeDep node_modules/through2 readable-stream@1.0.34 OK for: through2@0.6.5 want: >=1.0.33-1 <1.1.0-0
335 silly placeDep ROOT xtend@4.0.2 OK for: through2@0.6.5 want: >=4.0.0 <4.1.0-0
336 silly placeDep ROOT builtins@1.0.3 OK for: validate-npm-package-name@3.0.0 want: ^1.0.3
337 silly placeDep ROOT isexe@2.0.0 OK for: which@2.0.2 want: ^2.0.0
338 silly placeDep node_modules/tar-pack isarray@1.0.0 OK for: readable-stream@2.3.8 want: ~1.0.0
339 silly placeDep ROOT process-nextick-args@2.0.1 OK for: readable-stream@2.3.8 want: ~2.0.0
340 silly placeDep ROOT safe-buffer@5.1.2 OK for: readable-stream@2.3.8 want: ~5.1.1
341 silly placeDep node_modules/tar-pack string_decoder@1.1.1 OK for: readable-stream@2.3.8 want: ~1.1.1
342 silly placeDep ROOT util-deprecate@1.0.2 OK for: readable-stream@2.3.8 want: ~1.0.1
343 silly reify moves {}
344 silly audit bulk request {
344 silly audit   'create-react-app': [ '5.1.0' ],
344 silly audit   chalk: [ '4.1.2' ],
344 silly audit   commander: [ '4.1.1' ],
344 silly audit   'cross-spawn': [ '7.0.6' ],
344 silly audit   envinfo: [ '7.21.0' ],
344 silly audit   'fs-extra': [ '10.1.0' ],
344 silly audit   hyperquest: [ '2.1.3' ],
344 silly audit   prompts: [ '2.4.2' ],
344 silly audit   semver: [ '7.7.4' ],
344 silly audit   'tar-pack': [ '3.4.1' ],
344 silly audit   tmp: [ '0.2.5' ],
344 silly audit   'validate-npm-package-name': [ '3.0.0' ],
344 silly audit   'ansi-styles': [ '4.3.0' ],
344 silly audit   'supports-color': [ '7.2.0' ],
344 silly audit   'color-convert': [ '2.0.1' ],
344 silly audit   'color-name': [ '1.1.4' ],
344 silly audit   'path-key': [ '3.1.1' ],
344 silly audit   'shebang-command': [ '2.0.0' ],
344 silly audit   which: [ '2.0.2' ],
344 silly audit   'graceful-fs': [ '4.2.11' ],
344 silly audit   jsonfile: [ '6.2.0' ],
344 silly audit   universalify: [ '2.0.1' ],
344 silly audit   'buffer-from': [ '0.1.2' ],
344 silly audit   duplexer2: [ '0.0.2' ],
344 silly audit   through2: [ '0.6.5' ],
344 silly audit   'readable-stream': [ '1.1.14', '2.3.8', '1.0.34' ],
344 silly audit   kleur: [ '3.0.3' ],
344 silly audit   sisteransi: [ '1.0.5' ],
344 silly audit   'core-util-is': [ '1.0.3' ],
344 silly audit   inherits: [ '2.0.4' ],
344 silly audit   isarray: [ '0.0.1', '1.0.0' ],
344 silly audit   string_decoder: [ '0.10.31', '1.1.1' ],
344 silly audit   'shebang-regex': [ '3.0.0' ],
344 silly audit   'has-flag': [ '4.0.0' ],
344 silly audit   debug: [ '2.6.9' ],
344 silly audit   fstream: [ '1.0.12' ],
344 silly audit   'fstream-ignore': [ '1.0.5' ],
344 silly audit   once: [ '1.4.0' ],
344 silly audit   rimraf: [ '2.7.1' ],
344 silly audit   tar: [ '2.2.2' ],
344 silly audit   'uid-number': [ '0.0.6' ],
344 silly audit   ms: [ '2.0.0' ],
344 silly audit   mkdirp: [ '0.5.6' ],
344 silly audit   minimatch: [ '3.1.3' ],
344 silly audit   'brace-expansion': [ '1.1.12' ],
344 silly audit   'balanced-match': [ '1.0.2' ],
344 silly audit   'concat-map': [ '0.0.1' ],
344 silly audit   minimist: [ '1.2.8' ],
344 silly audit   wrappy: [ '1.0.2' ],
344 silly audit   glob: [ '7.2.3' ],
344 silly audit   'fs.realpath': [ '1.0.0' ],
344 silly audit   inflight: [ '1.0.6' ],
344 silly audit   'path-is-absolute': [ '1.0.1' ],
344 silly audit   'block-stream': [ '0.0.9' ],
344 silly audit   xtend: [ '4.0.2' ],
344 silly audit   builtins: [ '1.0.3' ],
344 silly audit   isexe: [ '2.0.0' ],
344 silly audit   'process-nextick-args': [ '2.0.1' ],
344 silly audit   'safe-buffer': [ '5.1.2' ],
344 silly audit   'util-deprecate': [ '1.0.2' ]
344 silly audit }
345 http cache util-deprecate@https://registry.npmjs.org/util-deprecate/-/util-deprecate-1.0.2.tgz 0ms (cache hit)
346 http cache safe-buffer@https://registry.npmjs.org/safe-buffer/-/safe-buffer-5.1.2.tgz 0ms (cache hit)
347 http cache process-nextick-args@https://registry.npmjs.org/process-nextick-args/-/process-nextick-args-2.0.1.tgz 0ms (cache hit)
348 http cache isexe@https://registry.npmjs.org/isexe/-/isexe-2.0.0.tgz 0ms (cache hit)
349 http cache builtins@https://registry.npmjs.org/builtins/-/builtins-1.0.3.tgz 0ms (cache hit)
350 http cache xtend@https://registry.npmjs.org/xtend/-/xtend-4.0.2.tgz 0ms (cache hit)
351 http cache block-stream@https://registry.npmjs.org/block-stream/-/block-stream-0.0.9.tgz 1ms (cache hit)
352 http cache inflight@https://registry.npmjs.org/inflight/-/inflight-1.0.6.tgz 0ms (cache hit)
353 http cache path-is-absolute@https://registry.npmjs.org/path-is-absolute/-/path-is-absolute-1.0.1.tgz 0ms (cache hit)
354 http cache fs.realpath@https://registry.npmjs.org/fs.realpath/-/fs.realpath-1.0.0.tgz 0ms (cache hit)
355 http cache glob@https://registry.npmjs.org/glob/-/glob-7.2.3.tgz 0ms (cache hit)
356 http cache wrappy@https://registry.npmjs.org/wrappy/-/wrappy-1.0.2.tgz 0ms (cache hit)
357 http cache minimist@https://registry.npmjs.org/minimist/-/minimist-1.2.8.tgz 0ms (cache hit)
358 http cache concat-map@https://registry.npmjs.org/concat-map/-/concat-map-0.0.1.tgz 0ms (cache hit)
359 http cache balanced-match@https://registry.npmjs.org/balanced-match/-/balanced-match-1.0.2.tgz 0ms (cache hit)
360 http cache brace-expansion@https://registry.npmjs.org/brace-expansion/-/brace-expansion-1.1.12.tgz 0ms (cache hit)
361 http cache minimatch@https://registry.npmjs.org/minimatch/-/minimatch-3.1.3.tgz 0ms (cache hit)
362 http cache mkdirp@https://registry.npmjs.org/mkdirp/-/mkdirp-0.5.6.tgz 0ms (cache hit)
363 http cache ms@https://registry.npmjs.org/ms/-/ms-2.0.0.tgz 0ms (cache hit)
364 http cache uid-number@https://registry.npmjs.org/uid-number/-/uid-number-0.0.6.tgz 0ms (cache hit)
365 http cache tar@https://registry.npmjs.org/tar/-/tar-2.2.2.tgz 0ms (cache hit)
366 http cache rimraf@https://registry.npmjs.org/rimraf/-/rimraf-2.7.1.tgz 0ms (cache hit)
367 http cache once@https://registry.npmjs.org/once/-/once-1.4.0.tgz 0ms (cache hit)
368 http cache fstream-ignore@https://registry.npmjs.org/fstream-ignore/-/fstream-ignore-1.0.5.tgz 0ms (cache hit)
369 http cache fstream@https://registry.npmjs.org/fstream/-/fstream-1.0.12.tgz 0ms (cache hit)
370 http cache has-flag@https://registry.npmjs.org/has-flag/-/has-flag-4.0.0.tgz 0ms (cache hit)
371 http cache shebang-regex@https://registry.npmjs.org/shebang-regex/-/shebang-regex-3.0.0.tgz 0ms (cache hit)
372 http cache debug@https://registry.npmjs.org/debug/-/debug-2.6.9.tgz 0ms (cache hit)
373 http cache string_decoder@https://registry.npmjs.org/string_decoder/-/string_decoder-0.10.31.tgz 0ms (cache hit)
374 http cache isarray@https://registry.npmjs.org/isarray/-/isarray-0.0.1.tgz 0ms (cache hit)
375 http cache inherits@https://registry.npmjs.org/inherits/-/inherits-2.0.4.tgz 0ms (cache hit)
376 http cache core-util-is@https://registry.npmjs.org/core-util-is/-/core-util-is-1.0.3.tgz 0ms (cache hit)
377 http cache sisteransi@https://registry.npmjs.org/sisteransi/-/sisteransi-1.0.5.tgz 0ms (cache hit)
378 http cache kleur@https://registry.npmjs.org/kleur/-/kleur-3.0.3.tgz 0ms (cache hit)
379 http cache readable-stream@https://registry.npmjs.org/readable-stream/-/readable-stream-1.1.14.tgz 0ms (cache hit)
380 http cache duplexer2@https://registry.npmjs.org/duplexer2/-/duplexer2-0.0.2.tgz 0ms (cache hit)
381 http cache buffer-from@https://registry.npmjs.org/buffer-from/-/buffer-from-0.1.2.tgz 1ms (cache hit)
382 http cache jsonfile@https://registry.npmjs.org/jsonfile/-/jsonfile-6.2.0.tgz 0ms (cache hit)
383 http cache graceful-fs@https://registry.npmjs.org/graceful-fs/-/graceful-fs-4.2.11.tgz 0ms (cache hit)
384 http cache universalify@https://registry.npmjs.org/universalify/-/universalify-2.0.1.tgz 0ms (cache hit)
385 http cache through2@https://registry.npmjs.org/through2/-/through2-0.6.5.tgz 0ms (cache hit)
386 http cache shebang-command@https://registry.npmjs.org/shebang-command/-/shebang-command-2.0.0.tgz 0ms (cache hit)
387 http cache which@https://registry.npmjs.org/which/-/which-2.0.2.tgz 0ms (cache hit)
388 http cache path-key@https://registry.npmjs.org/path-key/-/path-key-3.1.1.tgz 0ms (cache hit)
389 http cache color-name@https://registry.npmjs.org/color-name/-/color-name-1.1.4.tgz 0ms (cache hit)
390 http cache color-convert@https://registry.npmjs.org/color-convert/-/color-convert-2.0.1.tgz 0ms (cache hit)
391 http cache supports-color@https://registry.npmjs.org/supports-color/-/supports-color-7.2.0.tgz 0ms (cache hit)
392 http cache ansi-styles@https://registry.npmjs.org/ansi-styles/-/ansi-styles-4.3.0.tgz 0ms (cache hit)
393 http cache validate-npm-package-name@https://registry.npmjs.org/validate-npm-package-name/-/validate-npm-package-name-3.0.0.tgz 0ms (cache hit)
394 http cache tar-pack@https://registry.npmjs.org/tar-pack/-/tar-pack-3.4.1.tgz 0ms (cache hit)
395 http cache semver@https://registry.npmjs.org/semver/-/semver-7.7.4.tgz 0ms (cache hit)
396 http cache tmp@https://registry.npmjs.org/tmp/-/tmp-0.2.5.tgz 0ms (cache hit)
397 http cache prompts@https://registry.npmjs.org/prompts/-/prompts-2.4.2.tgz 0ms (cache hit)
398 http cache hyperquest@https://registry.npmjs.org/hyperquest/-/hyperquest-2.1.3.tgz 0ms (cache hit)
399 http cache fs-extra@https://registry.npmjs.org/fs-extra/-/fs-extra-10.1.0.tgz 0ms (cache hit)
400 http cache envinfo@https://registry.npmjs.org/envinfo/-/envinfo-7.21.0.tgz 0ms (cache hit)
401 http cache cross-spawn@https://registry.npmjs.org/cross-spawn/-/cross-spawn-7.0.6.tgz 0ms (cache hit)
402 http cache commander@https://registry.npmjs.org/commander/-/commander-4.1.1.tgz 0ms (cache hit)
403 http cache create-react-app@https://registry.npmjs.org/create-react-app/-/create-react-app-5.1.0.tgz 0ms (cache hit)
404 http cache chalk@https://registry.npmjs.org/chalk/-/chalk-4.1.2.tgz 0ms (cache hit)
405 http cache readable-stream@https://registry.npmjs.org/readable-stream/-/readable-stream-1.0.34.tgz 0ms (cache hit)
406 silly tarball no local data for util-deprecate@https://registry.npmjs.org/util-deprecate/-/util-deprecate-1.0.2.tgz. Extracting by manifest.
407 silly tarball no local data for safe-buffer@https://registry.npmjs.org/safe-buffer/-/safe-buffer-5.1.2.tgz. Extracting by manifest.
408 silly tarball no local data for process-nextick-args@https://registry.npmjs.org/process-nextick-args/-/process-nextick-args-2.0.1.tgz. Extracting by manifest.
409 silly tarball no local data for isexe@https://registry.npmjs.org/isexe/-/isexe-2.0.0.tgz. Extracting by manifest.
410 silly tarball no local data for builtins@https://registry.npmjs.org/builtins/-/builtins-1.0.3.tgz. Extracting by manifest.
411 silly tarball no local data for xtend@https://registry.npmjs.org/xtend/-/xtend-4.0.2.tgz. Extracting by manifest.
412 silly tarball no local data for block-stream@https://registry.npmjs.org/block-stream/-/block-stream-0.0.9.tgz. Extracting by manifest.
413 silly tarball no local data for inflight@https://registry.npmjs.org/inflight/-/inflight-1.0.6.tgz. Extracting by manifest.
414 silly tarball no local data for path-is-absolute@https://registry.npmjs.org/path-is-absolute/-/path-is-absolute-1.0.1.tgz. Extracting by manifest.
415 silly tarball no local data for fs.realpath@https://registry.npmjs.org/fs.realpath/-/fs.realpath-1.0.0.tgz. Extracting by manifest.
416 silly tarball no local data for glob@https://registry.npmjs.org/glob/-/glob-7.2.3.tgz. Extracting by manifest.
417 silly tarball no local data for wrappy@https://registry.npmjs.org/wrappy/-/wrappy-1.0.2.tgz. Extracting by manifest.
418 silly tarball no local data for minimist@https://registry.npmjs.org/minimist/-/minimist-1.2.8.tgz. Extracting by manifest.
419 silly tarball no local data for concat-map@https://registry.npmjs.org/concat-map/-/concat-map-0.0.1.tgz. Extracting by manifest.
420 silly tarball no local data for balanced-match@https://registry.npmjs.org/balanced-match/-/balanced-match-1.0.2.tgz. Extracting by manifest.
421 silly tarball no local data for brace-expansion@https://registry.npmjs.org/brace-expansion/-/brace-expansion-1.1.12.tgz. Extracting by manifest.
422 silly tarball no local data for minimatch@https://registry.npmjs.org/minimatch/-/minimatch-3.1.3.tgz. Extracting by manifest.
423 silly tarball no local data for mkdirp@https://registry.npmjs.org/mkdirp/-/mkdirp-0.5.6.tgz. Extracting by manifest.
424 silly tarball no local data for ms@https://registry.npmjs.org/ms/-/ms-2.0.0.tgz. Extracting by manifest.
425 silly tarball no local data for uid-number@https://registry.npmjs.org/uid-number/-/uid-number-0.0.6.tgz. Extracting by manifest.
426 silly tarball no local data for tar@https://registry.npmjs.org/tar/-/tar-2.2.2.tgz. Extracting by manifest.
427 silly tarball no local data for rimraf@https://registry.npmjs.org/rimraf/-/rimraf-2.7.1.tgz. Extracting by manifest.
428 silly tarball no local data for once@https://registry.npmjs.org/once/-/once-1.4.0.tgz. Extracting by manifest.
429 silly tarball no local data for fstream-ignore@https://registry.npmjs.org/fstream-ignore/-/fstream-ignore-1.0.5.tgz. Extracting by manifest.
430 http cache isarray@https://registry.npmjs.org/isarray/-/isarray-1.0.0.tgz 0ms (cache hit)
431 silly tarball no local data for fstream@https://registry.npmjs.org/fstream/-/fstream-1.0.12.tgz. Extracting by manifest.
432 silly tarball no local data for has-flag@https://registry.npmjs.org/has-flag/-/has-flag-4.0.0.tgz. Extracting by manifest.
433 silly tarball no local data for shebang-regex@https://registry.npmjs.org/shebang-regex/-/shebang-regex-3.0.0.tgz. Extracting by manifest.
434 silly tarball no local data for debug@https://registry.npmjs.org/debug/-/debug-2.6.9.tgz. Extracting by manifest.
435 silly tarball no local data for string_decoder@https://registry.npmjs.org/string_decoder/-/string_decoder-0.10.31.tgz. Extracting by manifest.
436 silly tarball no local data for isarray@https://registry.npmjs.org/isarray/-/isarray-0.0.1.tgz. Extracting by manifest.
437 silly tarball no local data for inherits@https://registry.npmjs.org/inherits/-/inherits-2.0.4.tgz. Extracting by manifest.
438 silly tarball no local data for core-util-is@https://registry.npmjs.org/core-util-is/-/core-util-is-1.0.3.tgz. Extracting by manifest.
439 silly tarball no local data for sisteransi@https://registry.npmjs.org/sisteransi/-/sisteransi-1.0.5.tgz. Extracting by manifest.
440 silly tarball no local data for kleur@https://registry.npmjs.org/kleur/-/kleur-3.0.3.tgz. Extracting by manifest.
441 silly tarball no local data for readable-stream@https://registry.npmjs.org/readable-stream/-/readable-stream-1.1.14.tgz. Extracting by manifest.
442 silly tarball no local data for duplexer2@https://registry.npmjs.org/duplexer2/-/duplexer2-0.0.2.tgz. Extracting by manifest.
443 silly tarball no local data for buffer-from@https://registry.npmjs.org/buffer-from/-/buffer-from-0.1.2.tgz. Extracting by manifest.
444 silly tarball no local data for jsonfile@https://registry.npmjs.org/jsonfile/-/jsonfile-6.2.0.tgz. Extracting by manifest.
445 silly tarball no local data for graceful-fs@https://registry.npmjs.org/graceful-fs/-/graceful-fs-4.2.11.tgz. Extracting by manifest.
446 silly tarball no local data for universalify@https://registry.npmjs.org/universalify/-/universalify-2.0.1.tgz. Extracting by manifest.
447 silly tarball no local data for through2@https://registry.npmjs.org/through2/-/through2-0.6.5.tgz. Extracting by manifest.
448 silly tarball no local data for shebang-command@https://registry.npmjs.org/shebang-command/-/shebang-command-2.0.0.tgz. Extracting by manifest.
449 silly tarball no local data for which@https://registry.npmjs.org/which/-/which-2.0.2.tgz. Extracting by manifest.
450 silly tarball no local data for path-key@https://registry.npmjs.org/path-key/-/path-key-3.1.1.tgz. Extracting by manifest.
451 silly tarball no local data for color-name@https://registry.npmjs.org/color-name/-/color-name-1.1.4.tgz. Extracting by manifest.
452 silly tarball no local data for color-convert@https://registry.npmjs.org/color-convert/-/color-convert-2.0.1.tgz. Extracting by manifest.
453 silly tarball no local data for supports-color@https://registry.npmjs.org/supports-color/-/supports-color-7.2.0.tgz. Extracting by manifest.
454 silly tarball no local data for ansi-styles@https://registry.npmjs.org/ansi-styles/-/ansi-styles-4.3.0.tgz. Extracting by manifest.
455 silly tarball no local data for validate-npm-package-name@https://registry.npmjs.org/validate-npm-package-name/-/validate-npm-package-name-3.0.0.tgz. Extracting by manifest.
456 silly tarball no local data for tar-pack@https://registry.npmjs.org/tar-pack/-/tar-pack-3.4.1.tgz. Extracting by manifest.
457 silly tarball no local data for semver@https://registry.npmjs.org/semver/-/semver-7.7.4.tgz. Extracting by manifest.
458 silly tarball no local data for tmp@https://registry.npmjs.org/tmp/-/tmp-0.2.5.tgz. Extracting by manifest.
459 silly tarball no local data for prompts@https://registry.npmjs.org/prompts/-/prompts-2.4.2.tgz. Extracting by manifest.
460 silly tarball no local data for hyperquest@https://registry.npmjs.org/hyperquest/-/hyperquest-2.1.3.tgz. Extracting by manifest.
461 silly tarball no local data for fs-extra@https://registry.npmjs.org/fs-extra/-/fs-extra-10.1.0.tgz. Extracting by manifest.
462 silly tarball no local data for envinfo@https://registry.npmjs.org/envinfo/-/envinfo-7.21.0.tgz. Extracting by manifest.
463 silly tarball no local data for cross-spawn@https://registry.npmjs.org/cross-spawn/-/cross-spawn-7.0.6.tgz. Extracting by manifest.
464 silly tarball no local data for commander@https://registry.npmjs.org/commander/-/commander-4.1.1.tgz. Extracting by manifest.
465 silly tarball no local data for create-react-app@https://registry.npmjs.org/create-react-app/-/create-react-app-5.1.0.tgz. Extracting by manifest.
466 silly tarball no local data for chalk@https://registry.npmjs.org/chalk/-/chalk-4.1.2.tgz. Extracting by manifest.
467 http cache readable-stream@https://registry.npmjs.org/readable-stream/-/readable-stream-2.3.8.tgz 0ms (cache hit)
468 http cache string_decoder@https://registry.npmjs.org/string_decoder/-/string_decoder-1.1.1.tgz 0ms (cache hit)
469 silly tarball no local data for readable-stream@https://registry.npmjs.org/readable-stream/-/readable-stream-1.0.34.tgz. Extracting by manifest.
470 silly tarball no local data for isarray@https://registry.npmjs.org/isarray/-/isarray-1.0.0.tgz. Extracting by manifest.
471 silly tarball no local data for readable-stream@https://registry.npmjs.org/readable-stream/-/readable-stream-2.3.8.tgz. Extracting by manifest.
472 silly tarball no local data for string_decoder@https://registry.npmjs.org/string_decoder/-/string_decoder-1.1.1.tgz. Extracting by manifest.
473 http fetch POST 200 https://registry.npmjs.org/-/npm/v1/security/advisories/bulk 554ms
474 silly audit report {
474 silly audit report   tar: [
474 silly audit report     {
474 silly audit report       id: 1112329,
474 silly audit report       url: 'https://github.com/advisories/GHSA-r6q2-hw4h-h46w',
474 silly audit report       title: 'Race Condition in node-tar Path Reservations via Unicode Ligature Collisions on macOS APFS',
474 silly audit report       severity: 'high',
474 silly audit report       vulnerable_versions: '<=7.5.3',
474 silly audit report       cwe: [Array],
474 silly audit report       cvss: [Object]
474 silly audit report     },
474 silly audit report     {
474 silly audit report       id: 1112659,
474 silly audit report       url: 'https://github.com/advisories/GHSA-34x7-hfp2-rc4v',
474 silly audit report       title: 'node-tar Vulnerable to Arbitrary File Creation/Overwrite via Hardlink Path Traversal',
474 silly audit report       severity: 'high',
474 silly audit report       vulnerable_versions: '<7.5.7',
474 silly audit report       cwe: [Array],
474 silly audit report       cvss: [Object]
474 silly audit report     },
474 silly audit report     {
474 silly audit report       id: 1113300,
474 silly audit report       url: 'https://github.com/advisories/GHSA-8qq5-rm4j-mr97',
474 silly audit report       title: 'node-tar is Vulnerable to Arbitrary File Overwrite and Symlink Poisoning via Insufficient Path Sanitization',
474 silly audit report       severity: 'high',
474 silly audit report       vulnerable_versions: '<=7.5.2',
474 silly audit report       cwe: [Array],
474 silly audit report       cvss: [Object]
474 silly audit report     },
474 silly audit report     {
474 silly audit report       id: 1113375,
474 silly audit report       url: 'https://github.com/advisories/GHSA-83g3-92jg-28cx',
474 silly audit report       title: 'Arbitrary File Read/Write via Hardlink Target Escape Through Symlink Chain in node-tar Extraction',
474 silly audit report       severity: 'high',
474 silly audit report       vulnerable_versions: '<7.5.8',
474 silly audit report       cwe: [Array],
474 silly audit report       cvss: [Object]
474 silly audit report     },
474 silly audit report     {
474 silly audit report       id: 1089685,
474 silly audit report       url: 'https://github.com/advisories/GHSA-3jfq-g458-7qm9',
474 silly audit report       title: 'Arbitrary File Creation/Overwrite due to insufficient absolute path sanitization',
474 silly audit report       severity: 'high',
474 silly audit report       vulnerable_versions: '<3.2.2',
474 silly audit report       cwe: [Array],
474 silly audit report       cvss: [Object]
474 silly audit report     },
474 silly audit report     {
474 silly audit report       id: 1095117,
474 silly audit report       url: 'https://github.com/advisories/GHSA-5955-9wpr-37jh',
474 silly audit report       title: 'Arbitrary File Creation/Overwrite on Windows via insufficient relative path sanitization',
474 silly audit report       severity: 'high',
474 silly audit report       vulnerable_versions: '<4.4.18',
474 silly audit report       cwe: [Array],
474 silly audit report       cvss: [Object]
474 silly audit report     },
474 silly audit report     {
474 silly audit report       id: 1097493,
474 silly audit report       url: 'https://github.com/advisories/GHSA-f5x3-32g6-xq36',
474 silly audit report       title: 'Denial of service while parsing a tar file due to lack of folders count validation',
474 silly audit report       severity: 'moderate',
474 silly audit report       vulnerable_versions: '<6.2.1',
474 silly audit report       cwe: [Array],
474 silly audit report       cvss: [Object]
474 silly audit report     }
474 silly audit report   ],
474 silly audit report   minimatch: [
474 silly audit report     {
474 silly audit report       id: 1113371,
474 silly audit report       url: 'https://github.com/advisories/GHSA-3ppc-4f35-3m26',
474 silly audit report       title: 'minimatch has a ReDoS via repeated wildcards with non-matching literal in pattern',
474 silly audit report       severity: 'high',
474 silly audit report       vulnerable_versions: '<10.2.1',
474 silly audit report       cwe: [Array],
474 silly audit report       cvss: [Object]
474 silly audit report     }
474 silly audit report   ]
474 silly audit report }
475 silly packumentCache corgi:https://registry.npmjs.org/tar cache-miss
476 silly packumentCache corgi:https://registry.npmjs.org/minimatch cache-miss
477 http fetch GET 200 https://registry.npmjs.org/builtins/-/builtins-1.0.3.tgz 1347ms (cache miss)
478 http fetch GET 200 https://registry.npmjs.org/once/-/once-1.4.0.tgz 1392ms (cache miss)
479 http fetch GET 200 https://registry.npmjs.org/util-deprecate/-/util-deprecate-1.0.2.tgz 1441ms (cache miss)
480 http fetch GET 200 https://registry.npmjs.org/process-nextick-args/-/process-nextick-args-2.0.1.tgz 1439ms (cache miss)
481 http fetch GET 200 https://registry.npmjs.org/isexe/-/isexe-2.0.0.tgz 1439ms (cache miss)
482 http fetch GET 200 https://registry.npmjs.org/mkdirp/-/mkdirp-0.5.6.tgz 1423ms (cache miss)
483 http fetch GET 200 https://registry.npmjs.org/xtend/-/xtend-4.0.2.tgz 1441ms (cache miss)
484 http fetch GET 200 https://registry.npmjs.org/balanced-match/-/balanced-match-1.0.2.tgz 1431ms (cache miss)
485 http fetch GET 200 https://registry.npmjs.org/rimraf/-/rimraf-2.7.1.tgz 1438ms (cache miss)
486 http fetch GET 200 https://registry.npmjs.org/uid-number/-/uid-number-0.0.6.tgz 1442ms (cache miss)
487 http fetch GET 200 https://registry.npmjs.org/brace-expansion/-/brace-expansion-1.1.12.tgz 1471ms (cache miss)
488 http fetch GET 200 https://registry.npmjs.org/ms/-/ms-2.0.0.tgz 1468ms (cache miss)
489 http fetch GET 200 https://registry.npmjs.org/has-flag/-/has-flag-4.0.0.tgz 1461ms (cache miss)
490 http fetch GET 200 https://registry.npmjs.org/safe-buffer/-/safe-buffer-5.1.2.tgz 1521ms (cache miss)
491 http fetch GET 200 https://registry.npmjs.org/fstream-ignore/-/fstream-ignore-1.0.5.tgz 1492ms (cache miss)
492 warn deprecated fstream-ignore@1.0.5: This package is no longer supported.
493 http fetch GET 200 https://registry.npmjs.org/minimatch/-/minimatch-3.1.3.tgz 1520ms (cache miss)
494 http fetch GET 200 https://registry.npmjs.org/shebang-regex/-/shebang-regex-3.0.0.tgz 1505ms (cache miss)
495 warn deprecated uid-number@0.0.6: This package is no longer supported.
496 http fetch GET 200 https://registry.npmjs.org/string_decoder/-/string_decoder-0.10.31.tgz 1531ms (cache miss)
497 http fetch GET 200 https://registry.npmjs.org/supports-color/-/supports-color-7.2.0.tgz 1508ms (cache miss)
498 warn deprecated rimraf@2.7.1: Rimraf versions prior to v4 are no longer supported
499 http fetch GET 200 https://registry.npmjs.org/inflight/-/inflight-1.0.6.tgz 1585ms (cache miss)
500 warn deprecated inflight@1.0.6: This module is not supported, and leaks memory. Do not use it. Check out lru-cache if you want a good and tested way to coalesce async requests by a key value, which is much more comprehensive and powerful.
501 http fetch GET 200 https://registry.npmjs.org/isarray/-/isarray-0.0.1.tgz 1559ms (cache miss)
502 http fetch GET 200 https://registry.npmjs.org/core-util-is/-/core-util-is-1.0.3.tgz 1559ms (cache miss)
503 http fetch GET 200 https://registry.npmjs.org/path-is-absolute/-/path-is-absolute-1.0.1.tgz 1610ms (cache miss)
504 http fetch GET 200 https://registry.npmjs.org/wrappy/-/wrappy-1.0.2.tgz 1606ms (cache miss)
505 http fetch GET 200 https://registry.npmjs.org/sisteransi/-/sisteransi-1.0.5.tgz 1577ms (cache miss)
506 http fetch GET 200 https://registry.npmjs.org/inherits/-/inherits-2.0.4.tgz 1581ms (cache miss)
507 http fetch GET 200 https://registry.npmjs.org/kleur/-/kleur-3.0.3.tgz 1578ms (cache miss)
508 http fetch GET 200 https://registry.npmjs.org/shebang-command/-/shebang-command-2.0.0.tgz 1563ms (cache miss)
509 http fetch GET 200 https://registry.npmjs.org/through2/-/through2-0.6.5.tgz 1569ms (cache miss)
510 http fetch GET 200 https://registry.npmjs.org/jsonfile/-/jsonfile-6.2.0.tgz 1577ms (cache miss)
511 http fetch GET 200 https://registry.npmjs.org/universalify/-/universalify-2.0.1.tgz 1577ms (cache miss)
512 http fetch GET 200 https://registry.npmjs.org/block-stream/-/block-stream-0.0.9.tgz 1638ms (cache miss)
513 http fetch GET 200 https://registry.npmjs.org/which/-/which-2.0.2.tgz 1592ms (cache miss)
514 http fetch GET 200 https://registry.npmjs.org/color-name/-/color-name-1.1.4.tgz 1591ms (cache miss)
515 http fetch GET 200 https://registry.npmjs.org/path-key/-/path-key-3.1.1.tgz 1594ms (cache miss)
516 http fetch GET 200 https://registry.npmjs.org/create-react-app/-/create-react-app-5.1.0.tgz 1564ms (cache miss)
517 http fetch GET 200 https://registry.npmjs.org/buffer-from/-/buffer-from-0.1.2.tgz 1620ms (cache miss)
518 http fetch GET 200 https://registry.npmjs.org/fs.realpath/-/fs.realpath-1.0.0.tgz 1665ms (cache miss)
519 http fetch GET 200 https://registry.npmjs.org/isarray/-/isarray-1.0.0.tgz 1402ms (cache miss)
520 http fetch GET 200 https://registry.npmjs.org/string_decoder/-/string_decoder-1.1.1.tgz 1376ms (cache miss)
521 http fetch GET 200 https://registry.npmjs.org/concat-map/-/concat-map-0.0.1.tgz 1723ms (cache miss)
522 http fetch GET 200 https://registry.npmjs.org/color-convert/-/color-convert-2.0.1.tgz 1686ms (cache miss)
523 http fetch GET 200 https://registry.npmjs.org/duplexer2/-/duplexer2-0.0.2.tgz 1716ms (cache miss)
524 http fetch GET 200 https://registry.npmjs.org/commander/-/commander-4.1.1.tgz 1673ms (cache miss)
525 http fetch GET 200 https://registry.npmjs.org/ansi-styles/-/ansi-styles-4.3.0.tgz 1709ms (cache miss)
526 http fetch GET 200 https://registry.npmjs.org/envinfo/-/envinfo-7.21.0.tgz 1698ms (cache miss)
527 http fetch GET 200 https://registry.npmjs.org/tmp/-/tmp-0.2.5.tgz 1753ms (cache miss)
528 http fetch GET 200 https://registry.npmjs.org/validate-npm-package-name/-/validate-npm-package-name-3.0.0.tgz 1760ms (cache miss)
529 http fetch GET 200 https://registry.npmjs.org/graceful-fs/-/graceful-fs-4.2.11.tgz 1792ms (cache miss)
530 http fetch GET 200 https://registry.npmjs.org/glob/-/glob-7.2.3.tgz 1847ms (cache miss)
531 warn deprecated glob@7.2.3: Old versions of glob are not supported, and contain widely publicized security vulnerabilities, which have been fixed in the current version. Please update. Support for old versions may be purchased (at exorbitant rates) by contacting i@izs.me
532 http fetch GET 200 https://registry.npmjs.org/chalk/-/chalk-4.1.2.tgz 1788ms (cache miss)
533 http fetch GET 200 https://registry.npmjs.org/minimatch 1440ms (cache miss)
534 silly packumentCache corgi:https://registry.npmjs.org/minimatch set size:undefined disposed:false
535 http fetch GET 200 https://registry.npmjs.org/tar 1477ms (cache miss)
536 silly packumentCache corgi:https://registry.npmjs.org/tar set size:undefined disposed:false
537 http fetch GET 200 https://registry.npmjs.org/cross-spawn/-/cross-spawn-7.0.6.tgz 1983ms (cache miss)
538 http fetch GET 200 https://registry.npmjs.org/tar-pack/-/tar-pack-3.4.1.tgz 2022ms (cache miss)
539 http fetch GET 200 https://registry.npmjs.org/readable-stream/-/readable-stream-1.0.34.tgz 1983ms (cache miss)
540 http fetch GET 200 https://registry.npmjs.org/readable-stream/-/readable-stream-1.1.14.tgz 2087ms (cache miss)
541 http fetch GET 200 https://registry.npmjs.org/debug/-/debug-2.6.9.tgz 2120ms (cache miss)
542 silly packumentCache corgi:https://registry.npmjs.org/tar-pack cache-miss
543 http fetch GET 200 https://registry.npmjs.org/hyperquest/-/hyperquest-2.1.3.tgz 2168ms (cache miss)
544 http fetch GET 200 https://registry.npmjs.org/fstream/-/fstream-1.0.12.tgz 2321ms (cache miss)
545 warn deprecated fstream@1.0.12: This package is no longer supported.
546 http fetch GET 200 https://registry.npmjs.org/minimist/-/minimist-1.2.8.tgz 2424ms (cache miss)
547 http fetch GET 200 https://registry.npmjs.org/readable-stream/-/readable-stream-2.3.8.tgz 2110ms (cache miss)
548 http fetch GET 200 https://registry.npmjs.org/tar-pack 483ms (cache miss)
549 silly packumentCache corgi:https://registry.npmjs.org/tar-pack set size:undefined disposed:false
550 http fetch GET 200 https://registry.npmjs.org/fs-extra/-/fs-extra-10.1.0.tgz 2596ms (cache miss)
551 silly packumentCache corgi:https://registry.npmjs.org/fstream-ignore cache-miss
552 silly packumentCache corgi:https://registry.npmjs.org/glob cache-miss
553 http fetch GET 200 https://registry.npmjs.org/semver/-/semver-7.7.4.tgz 2694ms (cache miss)
554 http fetch GET 200 https://registry.npmjs.org/fstream-ignore 121ms (cache miss)
555 silly packumentCache corgi:https://registry.npmjs.org/fstream-ignore set size:undefined disposed:false
556 http fetch GET 200 https://registry.npmjs.org/glob 166ms (cache miss)
557 silly packumentCache corgi:https://registry.npmjs.org/glob set size:undefined disposed:false
558 silly packumentCache corgi:https://registry.npmjs.org/create-react-app cache-miss
559 http cache https://registry.npmjs.org/create-react-app 47ms (cache hit)
560 silly packumentCache corgi:https://registry.npmjs.org/create-react-app set size:137779 disposed:false
561 silly packumentCache corgi:https://registry.npmjs.org/rimraf cache-miss
562 http fetch GET 200 https://registry.npmjs.org/rimraf 80ms (cache miss)
563 silly packumentCache corgi:https://registry.npmjs.org/rimraf set size:undefined disposed:false
564 http fetch GET 200 https://registry.npmjs.org/prompts/-/prompts-2.4.2.tgz 3171ms (cache miss)
565 silly packumentCache corgi:https://registry.npmjs.org/fstream cache-miss
566 http fetch GET 200 https://registry.npmjs.org/fstream 78ms (cache miss)
567 silly packumentCache corgi:https://registry.npmjs.org/fstream set size:undefined disposed:false
568 http fetch GET 200 https://registry.npmjs.org/tar/-/tar-2.2.2.tgz 3406ms (cache miss)
569 warn deprecated tar@2.2.2: Old versions of tar are not supported, and contain widely publicized security vulnerabilities, which have been fixed in the current version. Please update. Support for old versions may be purchased (at exorbitant rates) by contacting i@izs.me
570 verbose cwd D:\gh-actions-course\04-using-actions
571 verbose os Windows_NT 10.0.26200
572 verbose node v24.13.1
573 verbose npm  v11.8.0
574 notice
574 notice New [33mminor[39m version of npm available! [33m11.8.0[39m -> [34m11.10.1[39m
574 notice Changelog: [34mhttps://github.com/npm/cli/releases/tag/v11.10.1[39m
574 notice To update run: [4mnpm install -g npm@11.10.1[24m
574 notice  { force: true, Symbol(proc-log.meta): true }
575 verbose exit 0
576 info ok
